[INFO][2022-03-19 17:03:53,081][controller.Liujx_test1]登录操作已完成---------------------
[INFO][2022-03-19 17:03:53,408][controller.Liujx_test1]草稿箱邮件数：6
[INFO][2022-03-19 17:03:53,809][controller.Liujx_test1]草稿箱删除操作完成---------------------------
[INFO][2022-03-19 17:03:55,378][controller.Liujx_test1]
[INFO][2022-03-19 17:03:55,389][controller.Liujx_test1]
[INFO][2022-03-19 17:03:55,404][controller.Liujx_test1]
[INFO][2022-03-19 17:03:55,417][controller.Liujx_test1]
[INFO][2022-03-19 17:03:55,431][controller.Liujx_test1]
[INFO][2022-03-19 17:03:55,447][controller.Liujx_test1]
[INFO][2022-03-19 17:03:55,461][controller.Liujx_test1]
[INFO][2022-03-19 17:03:55,472][controller.Liujx_test1]
[INFO][2022-03-19 17:03:55,487][controller.Liujx_test1]
[INFO][2022-03-19 17:03:55,674][controller.Liujx_test1]
[INFO][2022-03-19 17:03:55,792][controller.Liujx_test1]
[INFO][2022-03-19 17:03:55,812][controller.Liujx_test1]发送
[INFO][2022-03-19 17:03:55,827][controller.Liujx_test1]预 览
[INFO][2022-03-19 17:03:55,844][controller.Liujx_test1]存草稿
[INFO][2022-03-19 17:03:55,923][controller.Liujx_test1]存草稿已点击----------------
[INFO][2022-03-19 17:03:56,943][controller.Liujx_test1]
[INFO][2022-03-19 17:03:56,952][controller.Liujx_test1]
[INFO][2022-03-19 17:03:56,964][controller.Liujx_test1]
[INFO][2022-03-19 17:03:56,977][controller.Liujx_test1]
[INFO][2022-03-19 17:03:56,990][controller.Liujx_test1]
[INFO][2022-03-19 17:03:57,004][controller.Liujx_test1]
[INFO][2022-03-19 17:03:57,017][controller.Liujx_test1]
[INFO][2022-03-19 17:03:57,031][controller.Liujx_test1]
[INFO][2022-03-19 17:03:57,045][controller.Liujx_test1]
[INFO][2022-03-19 17:03:57,058][controller.Liujx_test1]
[INFO][2022-03-19 17:03:57,071][controller.Liujx_test1]
[INFO][2022-03-19 17:03:57,079][controller.Liujx_test1]发送
[INFO][2022-03-19 17:03:57,086][controller.Liujx_test1]预 览
[INFO][2022-03-19 17:03:57,093][controller.Liujx_test1]存草稿
[INFO][2022-03-19 17:03:57,109][controller.Liujx_test1]取 消
[INFO][2022-03-19 17:03:57,220][controller.Liujx_test1]取消按钮已点击------------------------------
[INFO][2022-03-19 17:03:57,220][controller.Liujx_test1]邮件存草稿操作已完成------------------------------
[INFO][2022-03-19 17:04:00,481][controller.Liujx_test1]已发送邮件条数：19-----------------
[INFO][2022-03-19 17:04:00,836][controller.Liujx_test1]已发送邮件删除操作完成------------------------------
[INFO][2022-03-19 17:04:02,938][controller.Liujx_test1]发送邮件操作已完成------------------------------
[INFO][2022-03-19 17:04:11,288][controller.Liujx_test1]random:java.util.Random@c4ed84
[INFO][2022-03-19 17:30:08,547][controller.Liujx_test1]登录操作已完成---------------------
[INFO][2022-03-19 17:30:08,820][controller.Liujx_test1]草稿箱邮件数：6
[INFO][2022-03-19 17:30:09,200][controller.Liujx_test1]草稿箱删除操作完成---------------------------
[INFO][2022-03-19 17:30:10,643][controller.Liujx_test1]
[INFO][2022-03-19 17:30:10,656][controller.Liujx_test1]
[INFO][2022-03-19 17:30:10,669][controller.Liujx_test1]
[INFO][2022-03-19 17:30:10,682][controller.Liujx_test1]
[INFO][2022-03-19 17:30:10,695][controller.Liujx_test1]
[INFO][2022-03-19 17:30:10,716][controller.Liujx_test1]
[INFO][2022-03-19 17:30:10,768][controller.Liujx_test1]
[INFO][2022-03-19 17:30:10,794][controller.Liujx_test1]
[INFO][2022-03-19 17:30:10,816][controller.Liujx_test1]
[INFO][2022-03-19 17:30:10,834][controller.Liujx_test1]
[INFO][2022-03-19 17:30:10,852][controller.Liujx_test1]
[INFO][2022-03-19 17:30:10,870][controller.Liujx_test1]发送
[INFO][2022-03-19 17:30:10,885][controller.Liujx_test1]预 览
[INFO][2022-03-19 17:30:10,901][controller.Liujx_test1]存草稿
[INFO][2022-03-19 17:30:10,962][controller.Liujx_test1]存草稿已点击----------------
[INFO][2022-03-19 17:30:11,986][controller.Liujx_test1]
[INFO][2022-03-19 17:30:11,994][controller.Liujx_test1]
[INFO][2022-03-19 17:30:12,007][controller.Liujx_test1]
[INFO][2022-03-19 17:30:12,023][controller.Liujx_test1]
[INFO][2022-03-19 17:30:12,036][controller.Liujx_test1]
[INFO][2022-03-19 17:30:12,047][controller.Liujx_test1]
[INFO][2022-03-19 17:30:12,059][controller.Liujx_test1]
[INFO][2022-03-19 17:30:12,074][controller.Liujx_test1]
[INFO][2022-03-19 17:30:12,088][controller.Liujx_test1]
[INFO][2022-03-19 17:30:12,103][controller.Liujx_test1]
[INFO][2022-03-19 17:30:12,116][controller.Liujx_test1]
[INFO][2022-03-19 17:30:12,125][controller.Liujx_test1]发送
[INFO][2022-03-19 17:30:12,135][controller.Liujx_test1]预 览
[INFO][2022-03-19 17:30:12,143][controller.Liujx_test1]存草稿
[INFO][2022-03-19 17:30:12,157][controller.Liujx_test1]取 消
[INFO][2022-03-19 17:30:12,261][controller.Liujx_test1]取消按钮已点击------------------------------
[INFO][2022-03-19 17:30:12,261][controller.Liujx_test1]邮件存草稿操作已完成------------------------------
[INFO][2022-03-19 17:30:15,539][controller.Liujx_test1]已发送邮件条数：19-----------------
[INFO][2022-03-19 17:30:15,890][controller.Liujx_test1]已发送邮件删除操作完成------------------------------
[INFO][2022-03-19 17:30:18,359][controller.Liujx_test1]发送邮件操作已完成------------------------------
[INFO][2022-03-19 17:30:26,673][controller.Liujx_test1]random:java.util.Random@9aa67a
[INFO][2022-03-19 17:33:58,645][controller.Liujx_test1]登录操作已完成---------------------
[INFO][2022-03-19 17:33:59,283][controller.Liujx_test1]草稿箱邮件数：6
[INFO][2022-03-19 17:33:59,722][controller.Liujx_test1]草稿箱删除操作完成---------------------------
[INFO][2022-03-19 17:34:01,766][controller.Liujx_test1]
[INFO][2022-03-19 17:34:01,780][controller.Liujx_test1]
[INFO][2022-03-19 17:34:01,795][controller.Liujx_test1]
[INFO][2022-03-19 17:34:01,809][controller.Liujx_test1]
[INFO][2022-03-19 17:34:01,820][controller.Liujx_test1]
[INFO][2022-03-19 17:34:01,834][controller.Liujx_test1]
[INFO][2022-03-19 17:34:01,887][controller.Liujx_test1]
[INFO][2022-03-19 17:34:01,941][controller.Liujx_test1]
[INFO][2022-03-19 17:34:01,999][controller.Liujx_test1]
[INFO][2022-03-19 17:34:02,074][controller.Liujx_test1]
[INFO][2022-03-19 17:34:02,096][controller.Liujx_test1]
[INFO][2022-03-19 17:34:02,116][controller.Liujx_test1]发送
[INFO][2022-03-19 17:34:02,131][controller.Liujx_test1]预 览
[INFO][2022-03-19 17:34:02,145][controller.Liujx_test1]存草稿
[INFO][2022-03-19 17:34:02,199][controller.Liujx_test1]存草稿已点击----------------
[INFO][2022-03-19 17:34:03,217][controller.Liujx_test1]
[INFO][2022-03-19 17:34:03,225][controller.Liujx_test1]
[INFO][2022-03-19 17:34:03,238][controller.Liujx_test1]
[INFO][2022-03-19 17:34:03,252][controller.Liujx_test1]
[INFO][2022-03-19 17:34:03,266][controller.Liujx_test1]
[INFO][2022-03-19 17:34:03,283][controller.Liujx_test1]
[INFO][2022-03-19 17:34:03,297][controller.Liujx_test1]
[INFO][2022-03-19 17:34:03,311][controller.Liujx_test1]
[INFO][2022-03-19 17:34:03,324][controller.Liujx_test1]
[INFO][2022-03-19 17:34:03,341][controller.Liujx_test1]
[INFO][2022-03-19 17:34:03,355][controller.Liujx_test1]
[INFO][2022-03-19 17:34:03,363][controller.Liujx_test1]发送
[INFO][2022-03-19 17:34:03,374][controller.Liujx_test1]预 览
[INFO][2022-03-19 17:34:03,383][controller.Liujx_test1]存草稿
[INFO][2022-03-19 17:34:03,397][controller.Liujx_test1]取 消
[INFO][2022-03-19 17:34:03,481][controller.Liujx_test1]取消按钮已点击------------------------------
[INFO][2022-03-19 17:34:03,482][controller.Liujx_test1]邮件存草稿操作已完成------------------------------
[INFO][2022-03-19 17:34:06,749][controller.Liujx_test1]已发送邮件条数：19-----------------
[INFO][2022-03-19 17:34:07,130][controller.Liujx_test1]已发送邮件删除操作完成------------------------------
[INFO][2022-03-19 17:34:09,192][controller.Liujx_test1]发送邮件操作已完成------------------------------
[INFO][2022-03-19 17:47:21,992][controller.Liujx_test1]登录操作已完成---------------------
[INFO][2022-03-19 17:47:22,541][controller.Liujx_test1]草稿箱邮件数：6
[INFO][2022-03-19 17:47:22,930][controller.Liujx_test1]草稿箱删除操作完成---------------------------
[INFO][2022-03-19 17:47:24,947][controller.Liujx_test1]
[INFO][2022-03-19 17:47:24,987][controller.Liujx_test1]
[INFO][2022-03-19 17:47:25,006][controller.Liujx_test1]
[INFO][2022-03-19 17:47:25,020][controller.Liujx_test1]
[INFO][2022-03-19 17:47:25,030][controller.Liujx_test1]
[INFO][2022-03-19 17:47:25,041][controller.Liujx_test1]
[INFO][2022-03-19 17:47:25,055][controller.Liujx_test1]
[INFO][2022-03-19 17:47:25,066][controller.Liujx_test1]
[INFO][2022-03-19 17:47:25,076][controller.Liujx_test1]
[INFO][2022-03-19 17:47:25,087][controller.Liujx_test1]
[INFO][2022-03-19 17:47:25,100][controller.Liujx_test1]
[INFO][2022-03-19 17:47:25,116][controller.Liujx_test1]发送
[INFO][2022-03-19 17:47:25,128][controller.Liujx_test1]预 览
[INFO][2022-03-19 17:47:25,146][controller.Liujx_test1]存草稿
[INFO][2022-03-19 17:47:25,204][controller.Liujx_test1]存草稿已点击----------------
[INFO][2022-03-19 17:47:26,225][controller.Liujx_test1]
[INFO][2022-03-19 17:47:26,233][controller.Liujx_test1]
[INFO][2022-03-19 17:47:26,247][controller.Liujx_test1]
[INFO][2022-03-19 17:47:26,261][controller.Liujx_test1]
[INFO][2022-03-19 17:47:26,279][controller.Liujx_test1]
[INFO][2022-03-19 17:47:26,292][controller.Liujx_test1]
[INFO][2022-03-19 17:47:26,306][controller.Liujx_test1]
[INFO][2022-03-19 17:47:26,321][controller.Liujx_test1]
[INFO][2022-03-19 17:47:26,336][controller.Liujx_test1]
[INFO][2022-03-19 17:47:26,349][controller.Liujx_test1]
[INFO][2022-03-19 17:47:26,363][controller.Liujx_test1]
[INFO][2022-03-19 17:47:26,371][controller.Liujx_test1]发送
[INFO][2022-03-19 17:47:26,378][controller.Liujx_test1]预 览
[INFO][2022-03-19 17:47:26,386][controller.Liujx_test1]存草稿
[INFO][2022-03-19 17:47:26,402][controller.Liujx_test1]取 消
[INFO][2022-03-19 17:47:26,499][controller.Liujx_test1]取消按钮已点击------------------------------
[INFO][2022-03-19 17:47:26,500][controller.Liujx_test1]邮件存草稿操作已完成------------------------------
[INFO][2022-03-19 17:47:30,082][controller.Liujx_test1]已发送邮件条数：19-----------------
[INFO][2022-03-19 17:47:30,422][controller.Liujx_test1]已发送邮件删除操作完成------------------------------
[INFO][2022-03-19 17:47:32,792][controller.Liujx_test1]发送邮件操作已完成------------------------------
[INFO][2022-03-19 17:51:17,210][controller.Liujx_test1]登录操作已完成---------------------
[INFO][2022-03-19 17:51:17,465][controller.Liujx_test1]草稿箱邮件数：6
[INFO][2022-03-19 17:51:17,879][controller.Liujx_test1]草稿箱删除操作完成---------------------------
[INFO][2022-03-19 17:51:19,633][controller.Liujx_test1]
[INFO][2022-03-19 17:51:19,749][controller.Liujx_test1]
[INFO][2022-03-19 17:51:19,772][controller.Liujx_test1]
[INFO][2022-03-19 17:51:19,788][controller.Liujx_test1]
[INFO][2022-03-19 17:51:19,805][controller.Liujx_test1]
[INFO][2022-03-19 17:51:19,817][controller.Liujx_test1]
[INFO][2022-03-19 17:51:19,832][controller.Liujx_test1]
[INFO][2022-03-19 17:51:19,844][controller.Liujx_test1]
[INFO][2022-03-19 17:51:19,869][controller.Liujx_test1]
[INFO][2022-03-19 17:51:19,900][controller.Liujx_test1]
[INFO][2022-03-19 17:51:19,913][controller.Liujx_test1]
[INFO][2022-03-19 17:51:19,928][controller.Liujx_test1]发送
[INFO][2022-03-19 17:51:19,942][controller.Liujx_test1]预 览
[INFO][2022-03-19 17:51:20,072][controller.Liujx_test1]存草稿
[INFO][2022-03-19 17:51:20,150][controller.Liujx_test1]存草稿已点击----------------
[INFO][2022-03-19 17:51:21,176][controller.Liujx_test1]
[INFO][2022-03-19 17:51:21,183][controller.Liujx_test1]
[INFO][2022-03-19 17:51:21,196][controller.Liujx_test1]
[INFO][2022-03-19 17:51:21,209][controller.Liujx_test1]
[INFO][2022-03-19 17:51:21,224][controller.Liujx_test1]
[INFO][2022-03-19 17:51:21,236][controller.Liujx_test1]
[INFO][2022-03-19 17:51:21,247][controller.Liujx_test1]
[INFO][2022-03-19 17:51:21,258][controller.Liujx_test1]
[INFO][2022-03-19 17:51:21,270][controller.Liujx_test1]
[INFO][2022-03-19 17:51:21,283][controller.Liujx_test1]
[INFO][2022-03-19 17:51:21,295][controller.Liujx_test1]
[INFO][2022-03-19 17:51:21,304][controller.Liujx_test1]发送
[INFO][2022-03-19 17:51:21,311][controller.Liujx_test1]预 览
[INFO][2022-03-19 17:51:21,319][controller.Liujx_test1]存草稿
[INFO][2022-03-19 17:51:21,334][controller.Liujx_test1]取 消
[INFO][2022-03-19 17:51:21,425][controller.Liujx_test1]取消按钮已点击------------------------------
[INFO][2022-03-19 17:51:21,425][controller.Liujx_test1]邮件存草稿操作已完成------------------------------
[INFO][2022-03-19 17:51:25,125][controller.Liujx_test1]已发送邮件条数：19-----------------
[INFO][2022-03-19 17:51:25,472][controller.Liujx_test1]已发送邮件删除操作完成------------------------------
[INFO][2022-03-19 17:51:28,034][controller.Liujx_test1]发送邮件操作已完成------------------------------
[INFO][2022-03-19 17:51:52,872][controller.Liujx_test1]random:java.util.Random@1d3956
[INFO][2022-03-19 18:55:50,318][controller.Liujx_test1]登录操作已完成---------------------
[INFO][2022-03-19 18:55:50,880][controller.Liujx_test1]草稿箱邮件数：6
[INFO][2022-03-19 18:55:51,289][controller.Liujx_test1]草稿箱删除操作完成---------------------------
[INFO][2022-03-19 18:55:53,465][controller.Liujx_test1]
[INFO][2022-03-19 18:55:53,481][controller.Liujx_test1]
[INFO][2022-03-19 18:55:53,497][controller.Liujx_test1]
[INFO][2022-03-19 18:55:53,511][controller.Liujx_test1]
[INFO][2022-03-19 18:55:53,524][controller.Liujx_test1]
[INFO][2022-03-19 18:55:53,536][controller.Liujx_test1]
[INFO][2022-03-19 18:55:53,551][controller.Liujx_test1]
[INFO][2022-03-19 18:55:53,562][controller.Liujx_test1]
[INFO][2022-03-19 18:55:53,574][controller.Liujx_test1]
[INFO][2022-03-19 18:55:53,588][controller.Liujx_test1]
[INFO][2022-03-19 18:55:53,600][controller.Liujx_test1]
[INFO][2022-03-19 18:55:53,619][controller.Liujx_test1]发送
[INFO][2022-03-19 18:55:53,642][controller.Liujx_test1]预 览
[INFO][2022-03-19 18:55:53,661][controller.Liujx_test1]存草稿
[INFO][2022-03-19 18:55:53,731][controller.Liujx_test1]存草稿已点击----------------
[INFO][2022-03-19 18:55:54,749][controller.Liujx_test1]
[INFO][2022-03-19 18:55:54,756][controller.Liujx_test1]
[INFO][2022-03-19 18:55:54,768][controller.Liujx_test1]
[INFO][2022-03-19 18:55:54,779][controller.Liujx_test1]
[INFO][2022-03-19 18:55:54,792][controller.Liujx_test1]
[INFO][2022-03-19 18:55:54,806][controller.Liujx_test1]
[INFO][2022-03-19 18:55:54,821][controller.Liujx_test1]
[INFO][2022-03-19 18:55:54,833][controller.Liujx_test1]
[INFO][2022-03-19 18:55:54,847][controller.Liujx_test1]
[INFO][2022-03-19 18:55:54,859][controller.Liujx_test1]
[INFO][2022-03-19 18:55:54,875][controller.Liujx_test1]
[INFO][2022-03-19 18:55:54,883][controller.Liujx_test1]发送
[INFO][2022-03-19 18:55:54,890][controller.Liujx_test1]预 览
[INFO][2022-03-19 18:55:54,898][controller.Liujx_test1]存草稿
[INFO][2022-03-19 18:55:54,916][controller.Liujx_test1]取 消
[INFO][2022-03-19 18:55:55,010][controller.Liujx_test1]取消按钮已点击------------------------------
[INFO][2022-03-19 18:55:55,011][controller.Liujx_test1]邮件存草稿操作已完成------------------------------
[INFO][2022-03-19 18:55:58,257][controller.Liujx_test1]已发送邮件条数：19-----------------
[INFO][2022-03-19 18:55:58,624][controller.Liujx_test1]已发送邮件删除操作完成------------------------------
[INFO][2022-03-19 18:56:01,014][controller.Liujx_test1]发送邮件操作已完成------------------------------
[INFO][2022-03-19 19:03:16,678][controller.email163]登录操作已完成---------------------
[INFO][2022-03-19 19:03:20,274][controller.email163]草稿箱邮件数：6
[INFO][2022-03-19 19:03:20,660][controller.email163]草稿箱删除操作完成---------------------------
[INFO][2022-03-19 19:03:22,390][controller.email163]
[INFO][2022-03-19 19:03:22,465][controller.email163]
[INFO][2022-03-19 19:03:22,591][controller.email163]
[INFO][2022-03-19 19:03:22,609][controller.email163]
[INFO][2022-03-19 19:03:22,625][controller.email163]
[INFO][2022-03-19 19:03:22,644][controller.email163]
[INFO][2022-03-19 19:03:22,659][controller.email163]
[INFO][2022-03-19 19:03:22,676][controller.email163]
[INFO][2022-03-19 19:03:22,693][controller.email163]
[INFO][2022-03-19 19:03:22,712][controller.email163]
[INFO][2022-03-19 19:03:22,730][controller.email163]
[INFO][2022-03-19 19:03:22,750][controller.email163]发送
[INFO][2022-03-19 19:03:22,769][controller.email163]预 览
[INFO][2022-03-19 19:03:22,788][controller.email163]存草稿
[INFO][2022-03-19 19:03:22,873][controller.email163]存草稿已点击----------------
[INFO][2022-03-19 19:03:22,903][controller.email163]
[INFO][2022-03-19 19:03:22,912][controller.email163]
[INFO][2022-03-19 19:03:22,924][controller.email163]
[INFO][2022-03-19 19:03:22,936][controller.email163]
[INFO][2022-03-19 19:03:22,945][controller.email163]
[INFO][2022-03-19 19:03:22,957][controller.email163]
[INFO][2022-03-19 19:03:22,968][controller.email163]
[INFO][2022-03-19 19:03:22,977][controller.email163]
[INFO][2022-03-19 19:03:22,987][controller.email163]
[INFO][2022-03-19 19:03:22,997][controller.email163]
[INFO][2022-03-19 19:03:23,049][controller.email163]
[INFO][2022-03-19 19:03:23,093][controller.email163]发送
[INFO][2022-03-19 19:03:23,106][controller.email163]预 览
[INFO][2022-03-19 19:03:23,118][controller.email163]存草稿
[INFO][2022-03-19 19:03:23,160][controller.email163]取 消
[INFO][2022-03-19 19:03:23,336][controller.email163]取消按钮已点击------------------------------
[INFO][2022-03-19 19:03:23,336][controller.email163]邮件存草稿操作已完成------------------------------
[INFO][2022-03-19 19:03:24,634][controller.email163]已发送邮件条数：19-----------------
[INFO][2022-03-19 19:03:25,142][controller.email163]已发送邮件删除操作完成------------------------------
[INFO][2022-03-19 19:03:26,355][controller.email163]发送邮件操作已完成------------------------------
[INFO][2022-03-19 19:35:09,750][controller.email163]登录操作已完成---------------------
[INFO][2022-03-19 19:36:20,279][controller.email163]登录操作已完成---------------------
[INFO][2022-03-19 19:45:09,188][controller.email163]登录操作已完成---------------------
[INFO][2022-03-19 19:48:44,874][controller.email163]登录操作已完成---------------------
[INFO][2022-03-19 19:50:20,628][controller.email163]登录操作已完成---------------------
[INFO][2022-03-19 20:21:02,021][controller.email163]登录操作已完成---------------------
[INFO][2022-03-19 20:23:01,146][controller.email163]登录操作已完成---------------------
[INFO][2022-03-19 20:28:41,091][controller.email163]登录操作已完成---------------------
[INFO][2022-03-19 20:29:20,926][controller.email163]登录操作已完成---------------------
[INFO][2022-03-19 20:31:10,252][controller.email163]登录操作已完成---------------------
[INFO][2022-03-19 20:31:14,034][controller.email163]草稿箱邮件数：6
[INFO][2022-03-19 20:31:14,523][controller.email163]草稿箱删除操作完成---------------------------
[INFO][2022-03-19 20:31:15,974][controller.email163]登录操作已完成---------------------
[INFO][2022-03-19 20:33:32,438][controller.email163]登录操作已完成---------------------
[INFO][2022-03-19 20:33:36,552][controller.email163]草稿箱邮件数：5
[INFO][2022-03-19 20:33:37,036][controller.email163]草稿箱删除操作完成---------------------------
[INFO][2022-03-19 20:33:38,627][controller.email163]登录操作已完成---------------------
[INFO][2022-03-19 20:35:32,504][controller.email163]登录操作已完成---------------------
[INFO][2022-03-19 20:36:02,934][controller.email163]登录操作已完成---------------------
[INFO][2022-03-19 20:36:47,297][controller.email163]登录操作已完成---------------------
[INFO][2022-03-19 20:38:02,745][controller.email163]登录操作已完成---------------------
[INFO][2022-03-19 20:38:06,067][controller.email163]
[INFO][2022-03-19 20:38:06,079][controller.email163]
[INFO][2022-03-19 20:38:06,093][controller.email163]发送
[INFO][2022-03-19 20:38:06,108][controller.email163]预 览
[INFO][2022-03-19 20:38:06,121][controller.email163]存草稿
[INFO][2022-03-19 20:38:06,169][controller.email163]存草稿已点击----------------
[INFO][2022-03-19 20:38:06,188][controller.email163]
[INFO][2022-03-19 20:38:06,194][controller.email163]
[INFO][2022-03-19 20:38:06,202][controller.email163]发送
[INFO][2022-03-19 20:38:06,211][controller.email163]预 览
[INFO][2022-03-19 20:38:06,220][controller.email163]存草稿
[INFO][2022-03-19 20:38:06,234][controller.email163]取 消
[INFO][2022-03-19 20:38:06,288][controller.email163]取消按钮已点击------------------------------
[INFO][2022-03-19 20:38:06,289][controller.email163]邮件存草稿操作已完成------------------------------
[INFO][2022-03-19 20:41:27,908][controller.email163]登录操作已完成---------------------
[INFO][2022-03-19 20:41:31,360][controller.email163]
[INFO][2022-03-19 20:41:31,372][controller.email163]
[INFO][2022-03-19 20:41:31,386][controller.email163]发送
[INFO][2022-03-19 20:41:31,403][controller.email163]预 览
[INFO][2022-03-19 20:41:31,420][controller.email163]存草稿
[INFO][2022-03-19 20:41:31,489][controller.email163]存草稿已点击----------------
[INFO][2022-03-19 20:41:31,510][controller.email163]
[INFO][2022-03-19 20:41:31,518][controller.email163]
[INFO][2022-03-19 20:41:31,527][controller.email163]发送
[INFO][2022-03-19 20:41:31,546][controller.email163]预 览
[INFO][2022-03-19 20:41:31,555][controller.email163]存草稿
[INFO][2022-03-19 20:41:31,570][controller.email163]取 消
[INFO][2022-03-19 20:41:31,643][controller.email163]取消按钮已点击------------------------------
[INFO][2022-03-19 20:41:31,643][controller.email163]邮件存草稿操作已完成------------------------------
[INFO][2022-03-19 20:41:52,733][controller.email163]已发送邮件条数：19-----------------
[INFO][2022-03-19 20:41:53,150][controller.email163]已发送邮件删除操作完成------------------------------
[INFO][2022-03-19 20:41:54,148][controller.email163]发送邮件操作已完成------------------------------
[INFO][2022-03-19 20:45:05,964][controller.Liujx_test1]登录操作已完成---------------------
[INFO][2022-03-19 20:45:06,193][controller.Liujx_test1]草稿箱邮件数：7
[INFO][2022-03-19 20:45:06,571][controller.Liujx_test1]草稿箱删除操作完成---------------------------
[INFO][2022-03-19 20:45:08,106][controller.Liujx_test1]
[INFO][2022-03-19 20:45:08,127][controller.Liujx_test1]
[INFO][2022-03-19 20:45:08,144][controller.Liujx_test1]
[INFO][2022-03-19 20:45:08,160][controller.Liujx_test1]
[INFO][2022-03-19 20:45:08,173][controller.Liujx_test1]
[INFO][2022-03-19 20:45:08,189][controller.Liujx_test1]
[INFO][2022-03-19 20:45:08,202][controller.Liujx_test1]
[INFO][2022-03-19 20:45:08,219][controller.Liujx_test1]
[INFO][2022-03-19 20:45:08,235][controller.Liujx_test1]
[INFO][2022-03-19 20:45:08,245][controller.Liujx_test1]
[INFO][2022-03-19 20:45:08,257][controller.Liujx_test1]
[INFO][2022-03-19 20:45:08,274][controller.Liujx_test1]发送
[INFO][2022-03-19 20:45:08,292][controller.Liujx_test1]预 览
[INFO][2022-03-19 20:45:08,310][controller.Liujx_test1]存草稿
[INFO][2022-03-19 20:45:08,392][controller.Liujx_test1]存草稿已点击----------------
[INFO][2022-03-19 20:45:09,412][controller.Liujx_test1]
[INFO][2022-03-19 20:45:09,420][controller.Liujx_test1]
[INFO][2022-03-19 20:45:09,435][controller.Liujx_test1]
[INFO][2022-03-19 20:45:09,446][controller.Liujx_test1]
[INFO][2022-03-19 20:45:09,460][controller.Liujx_test1]
[INFO][2022-03-19 20:45:09,474][controller.Liujx_test1]
[INFO][2022-03-19 20:45:09,487][controller.Liujx_test1]
[INFO][2022-03-19 20:45:09,502][controller.Liujx_test1]
[INFO][2022-03-19 20:45:09,517][controller.Liujx_test1]
[INFO][2022-03-19 20:45:09,532][controller.Liujx_test1]
[INFO][2022-03-19 20:45:09,543][controller.Liujx_test1]
[INFO][2022-03-19 20:45:09,551][controller.Liujx_test1]发送
[INFO][2022-03-19 20:45:09,561][controller.Liujx_test1]预 览
[INFO][2022-03-19 20:45:09,571][controller.Liujx_test1]存草稿
[INFO][2022-03-19 20:45:09,586][controller.Liujx_test1]取 消
[INFO][2022-03-19 20:45:09,684][controller.Liujx_test1]取消按钮已点击------------------------------
[INFO][2022-03-19 20:45:09,685][controller.Liujx_test1]邮件存草稿操作已完成------------------------------
[INFO][2022-03-19 20:45:12,974][controller.Liujx_test1]已发送邮件条数：19-----------------
[INFO][2022-03-19 20:45:13,340][controller.Liujx_test1]已发送邮件删除操作完成------------------------------
[INFO][2022-03-19 20:45:15,852][controller.Liujx_test1]发送邮件操作已完成------------------------------
[INFO][2022-03-19 20:48:22,151][controller.email163]登录操作已完成---------------------
[INFO][2022-03-19 20:48:23,627][controller.email163]草稿箱邮件数：7
[INFO][2022-03-19 20:48:24,063][controller.email163]草稿箱删除操作完成---------------------------
[INFO][2022-03-19 20:48:25,304][controller.email163]
[INFO][2022-03-19 20:48:25,318][controller.email163]
[INFO][2022-03-19 20:48:25,348][controller.email163]
[INFO][2022-03-19 20:48:25,363][controller.email163]
[INFO][2022-03-19 20:48:25,373][controller.email163]
[INFO][2022-03-19 20:48:25,385][controller.email163]
[INFO][2022-03-19 20:48:25,396][controller.email163]
[INFO][2022-03-19 20:48:25,407][controller.email163]
[INFO][2022-03-19 20:48:25,417][controller.email163]
[INFO][2022-03-19 20:48:25,428][controller.email163]
[INFO][2022-03-19 20:48:25,439][controller.email163]
[INFO][2022-03-19 20:48:25,452][controller.email163]发送
[INFO][2022-03-19 20:48:25,464][controller.email163]预 览
[INFO][2022-03-19 20:48:25,476][controller.email163]存草稿
[INFO][2022-03-19 20:48:25,530][controller.email163]存草稿已点击----------------
[INFO][2022-03-19 20:48:25,549][controller.email163]
[INFO][2022-03-19 20:48:25,557][controller.email163]
[INFO][2022-03-19 20:48:25,565][controller.email163]
[INFO][2022-03-19 20:48:25,574][controller.email163]
[INFO][2022-03-19 20:48:25,582][controller.email163]
[INFO][2022-03-19 20:48:25,589][controller.email163]
[INFO][2022-03-19 20:48:25,598][controller.email163]
[INFO][2022-03-19 20:48:25,605][controller.email163]
[INFO][2022-03-19 20:48:25,613][controller.email163]
[INFO][2022-03-19 20:48:25,621][controller.email163]
[INFO][2022-03-19 20:48:25,631][controller.email163]
[INFO][2022-03-19 20:48:25,638][controller.email163]发送
[INFO][2022-03-19 20:48:25,647][controller.email163]预 览
[INFO][2022-03-19 20:48:25,654][controller.email163]存草稿
[INFO][2022-03-19 20:48:25,667][controller.email163]取 消
[INFO][2022-03-19 20:48:25,753][controller.email163]取消按钮已点击------------------------------
[INFO][2022-03-19 20:48:25,754][controller.email163]邮件存草稿操作已完成------------------------------
[INFO][2022-03-19 20:48:47,379][controller.email163]已发送邮件条数：19-----------------
[INFO][2022-03-19 20:48:47,768][controller.email163]已发送邮件删除操作完成------------------------------
[INFO][2022-03-19 20:48:48,788][controller.email163]发送邮件操作已完成------------------------------
[INFO][2022-03-19 20:51:23,590][controller.email163]登录操作已完成---------------------
[INFO][2022-03-19 20:51:25,587][controller.email163]草稿箱邮件数：7
[INFO][2022-03-19 20:51:25,959][controller.email163]草稿箱删除操作完成---------------------------
[INFO][2022-03-19 20:51:27,337][controller.email163]
[INFO][2022-03-19 20:51:27,348][controller.email163]
[INFO][2022-03-19 20:51:27,359][controller.email163]
[INFO][2022-03-19 20:51:27,369][controller.email163]
[INFO][2022-03-19 20:51:27,379][controller.email163]
[INFO][2022-03-19 20:51:27,389][controller.email163]
[INFO][2022-03-19 20:51:27,399][controller.email163]
[INFO][2022-03-19 20:51:27,411][controller.email163]
[INFO][2022-03-19 20:51:27,422][controller.email163]
[INFO][2022-03-19 20:51:27,434][controller.email163]
[INFO][2022-03-19 20:51:27,444][controller.email163]
[INFO][2022-03-19 20:51:27,457][controller.email163]发送
[INFO][2022-03-19 20:51:27,469][controller.email163]预 览
[INFO][2022-03-19 20:51:27,482][controller.email163]存草稿
[INFO][2022-03-19 20:51:27,533][controller.email163]存草稿已点击----------------
[INFO][2022-03-19 20:51:27,554][controller.email163]
[INFO][2022-03-19 20:51:27,563][controller.email163]
[INFO][2022-03-19 20:51:27,569][controller.email163]
[INFO][2022-03-19 20:51:27,577][controller.email163]
[INFO][2022-03-19 20:51:27,585][controller.email163]
[INFO][2022-03-19 20:51:27,593][controller.email163]
[INFO][2022-03-19 20:51:27,600][controller.email163]
[INFO][2022-03-19 20:51:27,609][controller.email163]
[INFO][2022-03-19 20:51:27,616][controller.email163]
[INFO][2022-03-19 20:51:27,624][controller.email163]
[INFO][2022-03-19 20:51:27,632][controller.email163]
[INFO][2022-03-19 20:51:27,639][controller.email163]发送
[INFO][2022-03-19 20:51:27,649][controller.email163]预 览
[INFO][2022-03-19 20:51:27,658][controller.email163]存草稿
[INFO][2022-03-19 20:51:27,670][controller.email163]取 消
[INFO][2022-03-19 20:51:27,778][controller.email163]取消按钮已点击------------------------------
[INFO][2022-03-19 20:51:27,778][controller.email163]邮件存草稿操作已完成------------------------------
[INFO][2022-03-19 20:51:28,849][controller.email163]已发送邮件条数：19-----------------
[INFO][2022-03-19 20:51:29,215][controller.email163]已发送邮件删除操作完成------------------------------
[INFO][2022-03-19 20:51:30,469][controller.email163]发送邮件操作已完成------------------------------
[INFO][2022-03-20 14:21:35,821][controller.Liujx_test1]登录操作已完成---------------------
[INFO][2022-03-20 14:22:19,939][controller.Liujx_test1]登录操作已完成---------------------
[INFO][2022-03-20 14:28:50,814][controller.Liujx_test1]登录操作已完成---------------------
[INFO][2022-03-20 14:40:12,715][controller.Liujx_test1]登录操作已完成---------------------
[INFO][2022-03-20 14:40:13,463][controller.Liujx_test1]删除联系人操作已完成
[INFO][2022-03-20 14:42:31,253][controller.email163]登录操作已完成---------------------
[INFO][2022-03-20 14:42:34,331][controller.email163]
[INFO][2022-03-20 14:42:34,343][controller.email163]
[INFO][2022-03-20 14:42:34,356][controller.email163]发送
[INFO][2022-03-20 14:42:34,369][controller.email163]预 览
[INFO][2022-03-20 14:42:34,381][controller.email163]存草稿
[INFO][2022-03-20 14:42:34,431][controller.email163]存草稿已点击----------------
[INFO][2022-03-20 14:42:34,466][controller.email163]
[INFO][2022-03-20 14:42:34,476][controller.email163]
[INFO][2022-03-20 14:42:34,482][controller.email163]发送
[INFO][2022-03-20 14:42:34,491][controller.email163]预 览
[INFO][2022-03-20 14:42:34,497][controller.email163]存草稿
[INFO][2022-03-20 14:42:34,514][controller.email163]取 消
[INFO][2022-03-20 14:42:34,563][controller.email163]取消按钮已点击------------------------------
[INFO][2022-03-20 14:42:34,563][controller.email163]邮件存草稿操作已完成------------------------------
[INFO][2022-03-20 14:43:32,270][controller.email163]删除联系人操作已完成
[INFO][2022-03-20 14:44:54,336][controller.email163]登录操作已完成---------------------
[INFO][2022-03-20 14:44:58,065][controller.email163]
[INFO][2022-03-20 14:44:58,080][controller.email163]
[INFO][2022-03-20 14:44:58,095][controller.email163]发送
[INFO][2022-03-20 14:44:58,110][controller.email163]预 览
[INFO][2022-03-20 14:44:58,126][controller.email163]存草稿
[INFO][2022-03-20 14:44:58,196][controller.email163]存草稿已点击----------------
[INFO][2022-03-20 14:44:58,216][controller.email163]
[INFO][2022-03-20 14:44:58,227][controller.email163]
[INFO][2022-03-20 14:44:58,245][controller.email163]发送
[INFO][2022-03-20 14:44:58,257][controller.email163]预 览
[INFO][2022-03-20 14:44:58,267][controller.email163]存草稿
[INFO][2022-03-20 14:44:58,287][controller.email163]取 消
[INFO][2022-03-20 14:44:58,351][controller.email163]取消按钮已点击------------------------------
[INFO][2022-03-20 14:44:58,352][controller.email163]邮件存草稿操作已完成------------------------------
[INFO][2022-03-20 14:45:19,482][controller.email163]已发送邮件条数：19-----------------
[INFO][2022-03-20 14:45:19,927][controller.email163]已发送邮件删除操作完成------------------------------
[INFO][2022-03-20 14:45:20,947][controller.email163]发送邮件操作已完成------------------------------
[INFO][2022-03-20 14:45:26,127][controller.email163]删除联系人操作已完成
[INFO][2022-03-20 14:47:01,977][controller.email163]登录操作已完成---------------------
[INFO][2022-03-20 14:47:05,182][controller.email163]
[INFO][2022-03-20 14:47:05,194][controller.email163]
[INFO][2022-03-20 14:47:05,208][controller.email163]发送
[INFO][2022-03-20 14:47:05,223][controller.email163]预 览
[INFO][2022-03-20 14:47:05,234][controller.email163]存草稿
[INFO][2022-03-20 14:47:05,284][controller.email163]存草稿已点击----------------
[INFO][2022-03-20 14:47:05,302][controller.email163]
[INFO][2022-03-20 14:47:05,310][controller.email163]
[INFO][2022-03-20 14:47:05,318][controller.email163]发送
[INFO][2022-03-20 14:47:05,328][controller.email163]预 览
[INFO][2022-03-20 14:47:05,336][controller.email163]存草稿
[INFO][2022-03-20 14:47:05,354][controller.email163]取 消
[INFO][2022-03-20 14:47:05,405][controller.email163]取消按钮已点击------------------------------
[INFO][2022-03-20 14:47:05,405][controller.email163]邮件存草稿操作已完成------------------------------
[INFO][2022-03-20 14:48:02,874][controller.email163]删除联系人操作已完成
[INFO][2022-03-20 14:52:23,325][controller.email163]登录操作已完成---------------------
[INFO][2022-03-20 14:52:26,625][controller.email163]
[INFO][2022-03-20 14:52:26,637][controller.email163]
[INFO][2022-03-20 14:52:26,649][controller.email163]发送
[INFO][2022-03-20 14:52:26,662][controller.email163]预 览
[INFO][2022-03-20 14:52:26,674][controller.email163]存草稿
[INFO][2022-03-20 14:52:26,722][controller.email163]存草稿已点击----------------
[INFO][2022-03-20 14:52:26,738][controller.email163]
[INFO][2022-03-20 14:52:26,745][controller.email163]
[INFO][2022-03-20 14:52:26,754][controller.email163]发送
[INFO][2022-03-20 14:52:26,761][controller.email163]预 览
[INFO][2022-03-20 14:52:26,769][controller.email163]存草稿
[INFO][2022-03-20 14:52:26,782][controller.email163]取 消
[INFO][2022-03-20 14:52:26,835][controller.email163]取消按钮已点击------------------------------
[INFO][2022-03-20 14:52:26,835][controller.email163]邮件存草稿操作已完成------------------------------
[INFO][2022-03-20 14:53:24,690][controller.email163]删除分组操作已完成
[INFO][2022-03-20 14:53:25,240][controller.email163]删除联系人操作已完成
[INFO][2022-03-20 14:57:01,509][controller.email163]登录操作已完成---------------------
[INFO][2022-03-20 14:57:05,216][controller.email163]
[INFO][2022-03-20 14:57:05,228][controller.email163]
[INFO][2022-03-20 14:57:05,242][controller.email163]发送
[INFO][2022-03-20 14:57:05,257][controller.email163]预 览
[INFO][2022-03-20 14:57:05,269][controller.email163]存草稿
[INFO][2022-03-20 14:57:05,317][controller.email163]存草稿已点击----------------
[INFO][2022-03-20 14:57:05,334][controller.email163]
[INFO][2022-03-20 14:57:05,344][controller.email163]
[INFO][2022-03-20 14:57:05,354][controller.email163]发送
[INFO][2022-03-20 14:57:05,364][controller.email163]预 览
[INFO][2022-03-20 14:57:05,373][controller.email163]存草稿
[INFO][2022-03-20 14:57:05,389][controller.email163]取 消
[INFO][2022-03-20 14:57:05,441][controller.email163]取消按钮已点击------------------------------
[INFO][2022-03-20 14:57:05,442][controller.email163]邮件存草稿操作已完成------------------------------
[INFO][2022-03-20 14:58:03,602][controller.email163]删除分组操作已完成
[INFO][2022-03-20 14:58:04,199][controller.email163]删除联系人操作已完成
[INFO][2022-03-20 15:23:10,161][controller.email163]登录操作已完成---------------------
[INFO][2022-03-20 15:23:11,434][controller.email163]草稿箱邮件数：15
[INFO][2022-03-20 15:23:11,830][controller.email163]草稿箱删除操作完成---------------------------
[INFO][2022-03-20 15:23:13,197][controller.email163]
[INFO][2022-03-20 15:23:13,211][controller.email163]
[INFO][2022-03-20 15:23:13,226][controller.email163]
[INFO][2022-03-20 15:23:13,242][controller.email163]
[INFO][2022-03-20 15:23:13,252][controller.email163]
[INFO][2022-03-20 15:23:13,264][controller.email163]
[INFO][2022-03-20 15:23:13,276][controller.email163]
[INFO][2022-03-20 15:23:13,286][controller.email163]
[INFO][2022-03-20 15:23:13,296][controller.email163]
[INFO][2022-03-20 15:23:13,309][controller.email163]
[INFO][2022-03-20 15:23:13,318][controller.email163]
[INFO][2022-03-20 15:23:13,330][controller.email163]发送
[INFO][2022-03-20 15:23:13,342][controller.email163]预 览
[INFO][2022-03-20 15:23:13,354][controller.email163]存草稿
[INFO][2022-03-20 15:23:13,405][controller.email163]存草稿已点击----------------
[INFO][2022-03-20 15:23:13,427][controller.email163]
[INFO][2022-03-20 15:23:13,442][controller.email163]
[INFO][2022-03-20 15:23:13,451][controller.email163]
[INFO][2022-03-20 15:23:13,461][controller.email163]
[INFO][2022-03-20 15:23:13,470][controller.email163]
[INFO][2022-03-20 15:23:13,480][controller.email163]
[INFO][2022-03-20 15:23:13,489][controller.email163]
[INFO][2022-03-20 15:23:13,497][controller.email163]
[INFO][2022-03-20 15:23:13,509][controller.email163]
[INFO][2022-03-20 15:23:13,518][controller.email163]
[INFO][2022-03-20 15:23:13,526][controller.email163]
[INFO][2022-03-20 15:23:13,533][controller.email163]发送
[INFO][2022-03-20 15:23:13,541][controller.email163]预 览
[INFO][2022-03-20 15:23:13,550][controller.email163]存草稿
[INFO][2022-03-20 15:23:13,567][controller.email163]取 消
[INFO][2022-03-20 15:23:13,670][controller.email163]取消按钮已点击------------------------------
[INFO][2022-03-20 15:23:13,673][controller.email163]邮件存草稿操作已完成------------------------------
[INFO][2022-03-20 15:23:14,746][controller.email163]已发送邮件条数：19-----------------
[INFO][2022-03-20 15:23:15,094][controller.email163]已发送邮件删除操作完成------------------------------
[INFO][2022-03-20 15:23:42,525][controller.email163]删除分组操作已完成
[INFO][2022-03-20 15:23:43,129][controller.email163]删除联系人操作已完成
[INFO][2022-03-20 15:25:34,066][controller.email163]登录操作已完成---------------------
[INFO][2022-03-20 15:25:37,423][controller.email163]
[INFO][2022-03-20 15:25:37,439][controller.email163]
[INFO][2022-03-20 15:25:37,455][controller.email163]发送
[INFO][2022-03-20 15:25:37,469][controller.email163]预 览
[INFO][2022-03-20 15:25:37,482][controller.email163]存草稿
[INFO][2022-03-20 15:25:37,529][controller.email163]存草稿已点击----------------
[INFO][2022-03-20 15:25:37,576][controller.email163]
[INFO][2022-03-20 15:25:37,587][controller.email163]
[INFO][2022-03-20 15:25:37,599][controller.email163]发送
[INFO][2022-03-20 15:25:37,609][controller.email163]预 览
[INFO][2022-03-20 15:25:37,616][controller.email163]存草稿
[INFO][2022-03-20 15:25:37,632][controller.email163]取 消
[INFO][2022-03-20 15:25:37,680][controller.email163]取消按钮已点击------------------------------
[INFO][2022-03-20 15:25:37,681][controller.email163]邮件存草稿操作已完成------------------------------
[INFO][2022-03-20 15:26:34,807][controller.email163]删除分组操作已完成
[INFO][2022-03-20 15:26:35,384][controller.email163]删除联系人操作已完成
[INFO][2022-03-20 15:31:59,125][controller.email163]登录操作已完成---------------------
[INFO][2022-03-20 15:32:02,357][controller.email163]
[INFO][2022-03-20 15:32:02,374][controller.email163]
[INFO][2022-03-20 15:32:02,390][controller.email163]发送
[INFO][2022-03-20 15:32:02,405][controller.email163]预 览
[INFO][2022-03-20 15:32:02,418][controller.email163]存草稿
[INFO][2022-03-20 15:32:02,480][controller.email163]存草稿已点击----------------
[INFO][2022-03-20 15:32:02,501][controller.email163]
[INFO][2022-03-20 15:32:02,508][controller.email163]
[INFO][2022-03-20 15:32:02,517][controller.email163]发送
[INFO][2022-03-20 15:32:02,527][controller.email163]预 览
[INFO][2022-03-20 15:32:02,539][controller.email163]存草稿
[INFO][2022-03-20 15:32:02,554][controller.email163]取 消
[INFO][2022-03-20 15:32:02,621][controller.email163]取消按钮已点击------------------------------
[INFO][2022-03-20 15:32:02,621][controller.email163]邮件存草稿操作已完成------------------------------
[INFO][2022-03-20 15:32:59,880][controller.email163]删除分组操作已完成
[INFO][2022-03-20 15:33:00,459][controller.email163]删除联系人操作已完成
[INFO][2022-03-20 15:34:16,680][controller.email163]登录操作已完成---------------------
[INFO][2022-03-20 15:34:19,817][controller.email163]
[INFO][2022-03-20 15:34:19,827][controller.email163]
[INFO][2022-03-20 15:34:19,839][controller.email163]发送
[INFO][2022-03-20 15:34:19,851][controller.email163]预 览
[INFO][2022-03-20 15:34:19,864][controller.email163]存草稿
[INFO][2022-03-20 15:34:19,911][controller.email163]存草稿已点击----------------
[INFO][2022-03-20 15:34:19,932][controller.email163]
[INFO][2022-03-20 15:34:19,938][controller.email163]
[INFO][2022-03-20 15:34:19,947][controller.email163]发送
[INFO][2022-03-20 15:34:19,955][controller.email163]预 览
[INFO][2022-03-20 15:34:19,963][controller.email163]存草稿
[INFO][2022-03-20 15:34:19,975][controller.email163]取 消
[INFO][2022-03-20 15:34:20,024][controller.email163]取消按钮已点击------------------------------
[INFO][2022-03-20 15:34:20,025][controller.email163]邮件存草稿操作已完成------------------------------
[INFO][2022-03-20 15:34:40,716][controller.email163]已发送邮件条数：19-----------------
[INFO][2022-03-20 15:35:11,633][controller.email163]登录操作已完成---------------------
[INFO][2022-03-20 15:35:15,079][controller.email163]
[INFO][2022-03-20 15:35:15,093][controller.email163]
[INFO][2022-03-20 15:35:15,105][controller.email163]发送
[INFO][2022-03-20 15:35:15,117][controller.email163]预 览
[INFO][2022-03-20 15:35:15,129][controller.email163]存草稿
[INFO][2022-03-20 15:35:15,189][controller.email163]存草稿已点击----------------
[INFO][2022-03-20 15:35:15,209][controller.email163]
[INFO][2022-03-20 15:35:15,217][controller.email163]
[INFO][2022-03-20 15:35:15,225][controller.email163]发送
[INFO][2022-03-20 15:35:15,232][controller.email163]预 览
[INFO][2022-03-20 15:35:15,241][controller.email163]存草稿
[INFO][2022-03-20 15:35:15,257][controller.email163]取 消
[INFO][2022-03-20 15:35:15,310][controller.email163]取消按钮已点击------------------------------
[INFO][2022-03-20 15:35:15,310][controller.email163]邮件存草稿操作已完成------------------------------
[INFO][2022-03-20 15:36:27,390][controller.email163]登录操作已完成---------------------
[INFO][2022-03-20 15:36:30,082][controller.email163]草稿箱邮件数：19
[INFO][2022-03-20 15:36:30,449][controller.email163]草稿箱删除操作完成---------------------------
[INFO][2022-03-20 15:36:31,645][controller.email163]
[INFO][2022-03-20 15:36:31,659][controller.email163]
[INFO][2022-03-20 15:36:31,672][controller.email163]
[INFO][2022-03-20 15:36:31,688][controller.email163]
[INFO][2022-03-20 15:36:31,700][controller.email163]
[INFO][2022-03-20 15:36:31,710][controller.email163]
[INFO][2022-03-20 15:36:31,721][controller.email163]
[INFO][2022-03-20 15:36:31,732][controller.email163]
[INFO][2022-03-20 15:36:31,742][controller.email163]
[INFO][2022-03-20 15:36:31,754][controller.email163]
[INFO][2022-03-20 15:36:31,765][controller.email163]
[INFO][2022-03-20 15:36:31,775][controller.email163]
[INFO][2022-03-20 15:36:31,786][controller.email163]
[INFO][2022-03-20 15:36:31,800][controller.email163]发送
[INFO][2022-03-20 15:36:31,811][controller.email163]预 览
[INFO][2022-03-20 15:36:31,828][controller.email163]存草稿
[INFO][2022-03-20 15:36:31,887][controller.email163]存草稿已点击----------------
[INFO][2022-03-20 15:36:32,908][controller.email163]
[INFO][2022-03-20 15:36:32,916][controller.email163]
[INFO][2022-03-20 15:36:32,930][controller.email163]
[INFO][2022-03-20 15:36:32,941][controller.email163]
[INFO][2022-03-20 15:36:32,952][controller.email163]
[INFO][2022-03-20 15:36:32,965][controller.email163]
[INFO][2022-03-20 15:36:32,977][controller.email163]
[INFO][2022-03-20 15:36:32,989][controller.email163]
[INFO][2022-03-20 15:36:33,005][controller.email163]
[INFO][2022-03-20 15:36:33,019][controller.email163]
[INFO][2022-03-20 15:36:33,030][controller.email163]
[INFO][2022-03-20 15:36:33,047][controller.email163]
[INFO][2022-03-20 15:36:33,079][controller.email163]
[INFO][2022-03-20 15:36:33,088][controller.email163]发送
[INFO][2022-03-20 15:36:33,095][controller.email163]预 览
[INFO][2022-03-20 15:36:33,102][controller.email163]存草稿
[INFO][2022-03-20 15:36:33,116][controller.email163]取 消
[INFO][2022-03-20 15:36:33,204][controller.email163]取消按钮已点击------------------------------
[INFO][2022-03-20 15:36:33,204][controller.email163]邮件存草稿操作已完成------------------------------
[INFO][2022-03-20 15:36:34,370][controller.email163]已发送邮件条数：19-----------------
[INFO][2022-03-20 15:36:42,185][controller.email163]删除分组操作已完成
[INFO][2022-03-20 15:36:42,776][controller.email163]删除联系人操作已完成
[INFO][2022-03-20 15:47:38,949][controller.email163]登录操作已完成---------------------
[INFO][2022-03-20 15:47:40,383][controller.email163]草稿箱邮件数：19
[INFO][2022-03-20 15:47:40,860][controller.email163]草稿箱删除操作完成---------------------------
[INFO][2022-03-20 15:47:42,161][controller.email163]
[INFO][2022-03-20 15:47:42,178][controller.email163]
[INFO][2022-03-20 15:47:42,193][controller.email163]
[INFO][2022-03-20 15:47:42,208][controller.email163]
[INFO][2022-03-20 15:47:42,223][controller.email163]
[INFO][2022-03-20 15:47:42,235][controller.email163]
[INFO][2022-03-20 15:47:42,246][controller.email163]
[INFO][2022-03-20 15:47:42,257][controller.email163]
[INFO][2022-03-20 15:47:42,267][controller.email163]
[INFO][2022-03-20 15:47:42,278][controller.email163]
[INFO][2022-03-20 15:47:42,289][controller.email163]
[INFO][2022-03-20 15:47:42,299][controller.email163]
[INFO][2022-03-20 15:47:42,311][controller.email163]
[INFO][2022-03-20 15:47:42,326][controller.email163]发送
[INFO][2022-03-20 15:47:42,339][controller.email163]预 览
[INFO][2022-03-20 15:47:42,352][controller.email163]存草稿
[INFO][2022-03-20 15:47:42,401][controller.email163]存草稿已点击----------------
[INFO][2022-03-20 15:47:42,421][controller.email163]
[INFO][2022-03-20 15:47:42,428][controller.email163]
[INFO][2022-03-20 15:47:42,435][controller.email163]
[INFO][2022-03-20 15:47:42,444][controller.email163]
[INFO][2022-03-20 15:47:42,452][controller.email163]
[INFO][2022-03-20 15:47:42,460][controller.email163]
[INFO][2022-03-20 15:47:42,468][controller.email163]
[INFO][2022-03-20 15:47:42,477][controller.email163]
[INFO][2022-03-20 15:47:42,487][controller.email163]
[INFO][2022-03-20 15:47:42,495][controller.email163]
[INFO][2022-03-20 15:47:42,502][controller.email163]
[INFO][2022-03-20 15:47:42,511][controller.email163]
[INFO][2022-03-20 15:47:42,517][controller.email163]
[INFO][2022-03-20 15:47:42,527][controller.email163]发送
[INFO][2022-03-20 15:47:42,534][controller.email163]预 览
[INFO][2022-03-20 15:47:42,558][controller.email163]存草稿
[INFO][2022-03-20 15:47:42,589][controller.email163]取 消
[INFO][2022-03-20 15:47:42,713][controller.email163]取消按钮已点击------------------------------
[INFO][2022-03-20 15:47:42,713][controller.email163]邮件存草稿操作已完成------------------------------
[INFO][2022-03-20 15:48:14,285][controller.email163]删除分组操作已完成
[INFO][2022-03-20 15:48:14,865][controller.email163]删除联系人操作已完成
[INFO][2022-03-20 15:51:38,196][controller.email163]登录操作已完成---------------------
[INFO][2022-03-20 16:07:14,850][controller.email163]登录操作已完成---------------------
[INFO][2022-03-20 16:07:26,193][controller.email163]
[INFO][2022-03-20 16:07:26,204][controller.email163]
[INFO][2022-03-20 16:07:26,216][controller.email163]发送
[INFO][2022-03-20 16:07:26,229][controller.email163]预 览
[INFO][2022-03-20 16:07:26,241][controller.email163]存草稿
[INFO][2022-03-20 16:07:26,289][controller.email163]存草稿已点击----------------
[INFO][2022-03-20 16:07:26,307][controller.email163]
[INFO][2022-03-20 16:07:26,314][controller.email163]
[INFO][2022-03-20 16:07:26,323][controller.email163]发送
[INFO][2022-03-20 16:07:26,330][controller.email163]预 览
[INFO][2022-03-20 16:07:26,339][controller.email163]存草稿
[INFO][2022-03-20 16:07:26,354][controller.email163]取 消
[INFO][2022-03-20 16:07:26,409][controller.email163]取消按钮已点击------------------------------
[INFO][2022-03-20 16:07:26,409][controller.email163]邮件存草稿操作已完成------------------------------
[INFO][2022-03-20 16:07:40,153][controller.email163]已发送邮件删除操作完成------------------------------
[INFO][2022-03-20 16:08:35,721][controller.email163]删除分组操作已完成
[INFO][2022-03-20 16:08:36,301][controller.email163]删除联系人操作已完成
[INFO][2022-03-20 16:10:14,522][controller.email163]登录操作已完成---------------------
[INFO][2022-03-20 16:10:25,841][controller.email163]
[INFO][2022-03-20 16:10:25,851][controller.email163]
[INFO][2022-03-20 16:10:25,863][controller.email163]发送
[INFO][2022-03-20 16:10:25,876][controller.email163]预 览
[INFO][2022-03-20 16:10:25,887][controller.email163]存草稿
[INFO][2022-03-20 16:10:25,935][controller.email163]存草稿已点击----------------
[INFO][2022-03-20 16:10:25,953][controller.email163]
[INFO][2022-03-20 16:10:25,959][controller.email163]
[INFO][2022-03-20 16:10:25,969][controller.email163]发送
[INFO][2022-03-20 16:10:25,976][controller.email163]预 览
[INFO][2022-03-20 16:10:25,986][controller.email163]存草稿
[INFO][2022-03-20 16:10:26,001][controller.email163]取 消
[INFO][2022-03-20 16:10:26,150][controller.email163]取消按钮已点击------------------------------
[INFO][2022-03-20 16:10:26,150][controller.email163]邮件存草稿操作已完成------------------------------
[INFO][2022-03-20 16:10:34,720][controller.email163]已发送邮件删除操作完成------------------------------
[INFO][2022-03-20 16:13:54,157][controller.email163]登录操作已完成---------------------
[INFO][2022-03-20 16:13:55,455][controller.email163]草稿箱邮件数：3
[INFO][2022-03-20 16:13:55,850][controller.email163]草稿箱删除操作完成---------------------------
[INFO][2022-03-20 16:13:57,092][controller.email163]
[INFO][2022-03-20 16:13:57,102][controller.email163]
[INFO][2022-03-20 16:13:57,113][controller.email163]
[INFO][2022-03-20 16:13:57,123][controller.email163]
[INFO][2022-03-20 16:13:57,134][controller.email163]
[INFO][2022-03-20 16:13:57,147][controller.email163]
[INFO][2022-03-20 16:13:57,158][controller.email163]
[INFO][2022-03-20 16:13:57,169][controller.email163]
[INFO][2022-03-20 16:13:57,179][controller.email163]
[INFO][2022-03-20 16:13:57,190][controller.email163]
[INFO][2022-03-20 16:13:57,200][controller.email163]
[INFO][2022-03-20 16:13:57,217][controller.email163]发送
[INFO][2022-03-20 16:13:57,234][controller.email163]预 览
[INFO][2022-03-20 16:13:57,248][controller.email163]存草稿
[INFO][2022-03-20 16:13:57,330][controller.email163]存草稿已点击----------------
[INFO][2022-03-20 16:13:57,353][controller.email163]
[INFO][2022-03-20 16:13:57,361][controller.email163]
[INFO][2022-03-20 16:13:57,368][controller.email163]
[INFO][2022-03-20 16:13:57,376][controller.email163]
[INFO][2022-03-20 16:13:57,383][controller.email163]
[INFO][2022-03-20 16:13:57,392][controller.email163]
[INFO][2022-03-20 16:13:57,398][controller.email163]
[INFO][2022-03-20 16:13:57,404][controller.email163]
[INFO][2022-03-20 16:13:57,413][controller.email163]
[INFO][2022-03-20 16:13:57,421][controller.email163]
[INFO][2022-03-20 16:13:57,429][controller.email163]
[INFO][2022-03-20 16:13:57,436][controller.email163]发送
[INFO][2022-03-20 16:13:57,445][controller.email163]预 览
[INFO][2022-03-20 16:13:57,451][controller.email163]存草稿
[INFO][2022-03-20 16:13:57,464][controller.email163]取 消
[INFO][2022-03-20 16:13:57,555][controller.email163]取消按钮已点击------------------------------
[INFO][2022-03-20 16:13:57,555][controller.email163]邮件存草稿操作已完成------------------------------
[INFO][2022-03-20 16:15:19,564][controller.email163]删除分组操作已完成
[INFO][2022-03-20 16:15:20,100][controller.email163]删除联系人操作已完成
[INFO][2022-03-20 16:18:07,417][controller.email163]登录操作已完成---------------------
[INFO][2022-03-20 16:18:08,598][controller.email163]草稿箱邮件数：3
[INFO][2022-03-20 16:18:09,036][controller.email163]草稿箱删除操作完成---------------------------
[INFO][2022-03-20 16:18:10,376][controller.email163]
[INFO][2022-03-20 16:18:10,391][controller.email163]
[INFO][2022-03-20 16:18:10,404][controller.email163]
[INFO][2022-03-20 16:18:10,418][controller.email163]
[INFO][2022-03-20 16:18:10,429][controller.email163]
[INFO][2022-03-20 16:18:10,439][controller.email163]
[INFO][2022-03-20 16:18:10,450][controller.email163]
[INFO][2022-03-20 16:18:10,461][controller.email163]
[INFO][2022-03-20 16:18:10,472][controller.email163]
[INFO][2022-03-20 16:18:10,482][controller.email163]
[INFO][2022-03-20 16:18:10,492][controller.email163]
[INFO][2022-03-20 16:18:10,504][controller.email163]发送
[INFO][2022-03-20 16:18:10,516][controller.email163]预 览
[INFO][2022-03-20 16:18:10,528][controller.email163]存草稿
[INFO][2022-03-20 16:18:10,590][controller.email163]存草稿已点击----------------
[INFO][2022-03-20 16:18:10,609][controller.email163]
[INFO][2022-03-20 16:18:10,619][controller.email163]
[INFO][2022-03-20 16:18:10,628][controller.email163]
[INFO][2022-03-20 16:18:10,637][controller.email163]
[INFO][2022-03-20 16:18:10,645][controller.email163]
[INFO][2022-03-20 16:18:10,654][controller.email163]
[INFO][2022-03-20 16:18:10,667][controller.email163]
[INFO][2022-03-20 16:18:10,676][controller.email163]
[INFO][2022-03-20 16:18:10,684][controller.email163]
[INFO][2022-03-20 16:18:10,693][controller.email163]
[INFO][2022-03-20 16:18:10,704][controller.email163]
[INFO][2022-03-20 16:18:10,714][controller.email163]发送
[INFO][2022-03-20 16:18:10,722][controller.email163]预 览
[INFO][2022-03-20 16:18:10,731][controller.email163]存草稿
[INFO][2022-03-20 16:18:10,743][controller.email163]取 消
[INFO][2022-03-20 16:18:10,790][controller.email163]取消按钮已点击------------------------------
[INFO][2022-03-20 16:18:10,790][controller.email163]邮件存草稿操作已完成------------------------------
[INFO][2022-03-20 16:18:47,793][controller.email163]删除分组操作已完成
[INFO][2022-03-20 16:20:23,150][controller.email163]登录操作已完成---------------------
[INFO][2022-03-20 16:20:26,855][controller.email163]
[INFO][2022-03-20 16:20:26,866][controller.email163]
[INFO][2022-03-20 16:20:26,881][controller.email163]发送
[INFO][2022-03-20 16:20:26,897][controller.email163]预 览
[INFO][2022-03-20 16:20:26,908][controller.email163]存草稿
[INFO][2022-03-20 16:20:26,956][controller.email163]存草稿已点击----------------
[INFO][2022-03-20 16:20:26,973][controller.email163]
[INFO][2022-03-20 16:20:26,994][controller.email163]
[INFO][2022-03-20 16:20:27,021][controller.email163]发送
[INFO][2022-03-20 16:20:27,045][controller.email163]预 览
[INFO][2022-03-20 16:20:27,054][controller.email163]存草稿
[INFO][2022-03-20 16:20:27,070][controller.email163]取 消
[INFO][2022-03-20 16:20:27,185][controller.email163]取消按钮已点击------------------------------
[INFO][2022-03-20 16:20:27,185][controller.email163]邮件存草稿操作已完成------------------------------
[INFO][2022-03-20 16:20:27,764][controller.email163]已发送邮件删除操作完成------------------------------
[INFO][2022-03-20 16:20:28,684][controller.email163]发送邮件操作已完成------------------------------
[INFO][2022-03-20 16:21:05,081][controller.email163]删除分组操作已完成
[INFO][2022-03-20 16:21:05,683][controller.email163]删除联系人操作已完成
[INFO][2022-03-20 16:22:40,039][controller.email163]登录操作已完成---------------------
[INFO][2022-03-20 16:22:43,296][controller.email163]
[INFO][2022-03-20 16:22:43,308][controller.email163]
[INFO][2022-03-20 16:22:43,323][controller.email163]发送
[INFO][2022-03-20 16:22:43,339][controller.email163]预 览
[INFO][2022-03-20 16:22:43,353][controller.email163]存草稿
[INFO][2022-03-20 16:22:43,435][controller.email163]存草稿已点击----------------
[INFO][2022-03-20 16:22:43,493][controller.email163]
[INFO][2022-03-20 16:22:43,505][controller.email163]
[INFO][2022-03-20 16:22:43,513][controller.email163]发送
[INFO][2022-03-20 16:22:43,523][controller.email163]预 览
[INFO][2022-03-20 16:22:43,533][controller.email163]存草稿
[INFO][2022-03-20 16:22:43,552][controller.email163]取 消
[INFO][2022-03-20 16:22:43,615][controller.email163]取消按钮已点击------------------------------
[INFO][2022-03-20 16:22:43,615][controller.email163]邮件存草稿操作已完成------------------------------
[INFO][2022-03-20 16:23:33,005][controller.email163]登录操作已完成---------------------
[INFO][2022-03-20 16:23:36,424][controller.email163]
[INFO][2022-03-20 16:23:36,435][controller.email163]
[INFO][2022-03-20 16:23:36,449][controller.email163]发送
[INFO][2022-03-20 16:23:36,465][controller.email163]预 览
[INFO][2022-03-20 16:23:36,479][controller.email163]存草稿
[INFO][2022-03-20 16:23:36,530][controller.email163]存草稿已点击----------------
[INFO][2022-03-20 16:23:37,549][controller.email163]
[INFO][2022-03-20 16:23:37,557][controller.email163]
[INFO][2022-03-20 16:23:37,565][controller.email163]发送
[INFO][2022-03-20 16:23:37,572][controller.email163]预 览
[INFO][2022-03-20 16:23:37,580][controller.email163]存草稿
[INFO][2022-03-20 16:23:37,593][controller.email163]取 消
[INFO][2022-03-20 16:23:37,665][controller.email163]取消按钮已点击------------------------------
[INFO][2022-03-20 16:23:37,666][controller.email163]邮件存草稿操作已完成------------------------------
[INFO][2022-03-20 16:23:38,092][controller.email163]已发送邮件删除操作完成------------------------------
[INFO][2022-03-20 16:23:39,689][controller.email163]发送邮件操作已完成------------------------------
[INFO][2022-03-20 16:24:05,667][controller.email163]删除分组操作已完成
[INFO][2022-03-20 16:24:06,236][controller.email163]删除联系人操作已完成
[INFO][2022-03-20 16:24:35,925][controller.email163]登录操作已完成---------------------
[INFO][2022-03-20 16:24:39,414][controller.email163]
[INFO][2022-03-20 16:24:39,425][controller.email163]
[INFO][2022-03-20 16:24:39,439][controller.email163]发送
[INFO][2022-03-20 16:24:39,453][controller.email163]预 览
[INFO][2022-03-20 16:24:39,463][controller.email163]存草稿
[INFO][2022-03-20 16:24:39,511][controller.email163]存草稿已点击----------------
[INFO][2022-03-20 16:24:40,531][controller.email163]
[INFO][2022-03-20 16:24:40,539][controller.email163]
[INFO][2022-03-20 16:24:40,547][controller.email163]发送
[INFO][2022-03-20 16:24:40,554][controller.email163]预 览
[INFO][2022-03-20 16:24:40,562][controller.email163]存草稿
[INFO][2022-03-20 16:24:40,574][controller.email163]取 消
[INFO][2022-03-20 16:24:40,640][controller.email163]取消按钮已点击------------------------------
[INFO][2022-03-20 16:24:40,640][controller.email163]邮件存草稿操作已完成------------------------------
[INFO][2022-03-20 16:24:41,048][controller.email163]已发送邮件删除操作完成------------------------------
[INFO][2022-03-20 16:24:42,627][controller.email163]发送邮件操作已完成------------------------------
[INFO][2022-03-20 16:25:28,418][controller.email163]登录操作已完成---------------------
[INFO][2022-03-20 16:25:30,647][controller.email163]草稿箱邮件数：7
[INFO][2022-03-20 16:25:31,097][controller.email163]草稿箱删除操作完成---------------------------
[INFO][2022-03-20 16:25:32,334][controller.email163]
[INFO][2022-03-20 16:25:32,346][controller.email163]
[INFO][2022-03-20 16:25:32,356][controller.email163]
[INFO][2022-03-20 16:25:32,367][controller.email163]
[INFO][2022-03-20 16:25:32,377][controller.email163]
[INFO][2022-03-20 16:25:32,387][controller.email163]
[INFO][2022-03-20 16:25:32,398][controller.email163]
[INFO][2022-03-20 16:25:32,408][controller.email163]
[INFO][2022-03-20 16:25:32,419][controller.email163]
[INFO][2022-03-20 16:25:32,428][controller.email163]
[INFO][2022-03-20 16:25:32,441][controller.email163]
[INFO][2022-03-20 16:25:32,454][controller.email163]发送
[INFO][2022-03-20 16:25:32,466][controller.email163]预 览
[INFO][2022-03-20 16:25:32,480][controller.email163]存草稿
[INFO][2022-03-20 16:25:32,533][controller.email163]存草稿已点击----------------
[INFO][2022-03-20 16:25:33,554][controller.email163]
[INFO][2022-03-20 16:25:33,562][controller.email163]
[INFO][2022-03-20 16:25:33,575][controller.email163]
[INFO][2022-03-20 16:25:33,586][controller.email163]
[INFO][2022-03-20 16:25:33,597][controller.email163]
[INFO][2022-03-20 16:25:33,608][controller.email163]
[INFO][2022-03-20 16:25:33,620][controller.email163]
[INFO][2022-03-20 16:25:33,631][controller.email163]
[INFO][2022-03-20 16:25:33,642][controller.email163]
[INFO][2022-03-20 16:25:33,654][controller.email163]
[INFO][2022-03-20 16:25:33,665][controller.email163]
[INFO][2022-03-20 16:25:33,672][controller.email163]发送
[INFO][2022-03-20 16:25:33,679][controller.email163]预 览
[INFO][2022-03-20 16:25:33,686][controller.email163]存草稿
[INFO][2022-03-20 16:25:33,699][controller.email163]取 消
[INFO][2022-03-20 16:25:33,805][controller.email163]取消按钮已点击------------------------------
[INFO][2022-03-20 16:25:33,806][controller.email163]邮件存草稿操作已完成------------------------------
[INFO][2022-03-20 16:25:37,033][controller.email163]发送邮件操作已完成------------------------------
[INFO][2022-03-20 16:26:03,496][controller.email163]删除分组操作已完成
[INFO][2022-03-20 16:26:04,067][controller.email163]删除联系人操作已完成
[INFO][2022-03-20 16:27:03,387][controller.email163]登录操作已完成---------------------
[INFO][2022-03-20 16:44:39,424][controller.email163]登录操作已完成---------------------
[INFO][2022-03-20 16:44:40,680][controller.email163]草稿箱邮件数：7
[INFO][2022-03-20 16:44:41,067][controller.email163]草稿箱删除操作完成---------------------------
[INFO][2022-03-20 16:44:42,492][controller.email163]
[INFO][2022-03-20 16:44:42,508][controller.email163]
[INFO][2022-03-20 16:44:42,521][controller.email163]
[INFO][2022-03-20 16:44:42,532][controller.email163]
[INFO][2022-03-20 16:44:42,547][controller.email163]
[INFO][2022-03-20 16:44:42,559][controller.email163]
[INFO][2022-03-20 16:44:42,572][controller.email163]
[INFO][2022-03-20 16:44:42,585][controller.email163]
[INFO][2022-03-20 16:44:42,599][controller.email163]
[INFO][2022-03-20 16:44:42,609][controller.email163]
[INFO][2022-03-20 16:44:42,622][controller.email163]
[INFO][2022-03-20 16:44:42,634][controller.email163]发送
[INFO][2022-03-20 16:44:42,647][controller.email163]预 览
[INFO][2022-03-20 16:44:42,659][controller.email163]存草稿
[INFO][2022-03-20 16:44:42,712][controller.email163]存草稿已点击----------------
[INFO][2022-03-20 16:44:43,734][controller.email163]
[INFO][2022-03-20 16:44:43,742][controller.email163]
[INFO][2022-03-20 16:44:43,755][controller.email163]
[INFO][2022-03-20 16:44:43,767][controller.email163]
[INFO][2022-03-20 16:44:43,778][controller.email163]
[INFO][2022-03-20 16:44:43,795][controller.email163]
[INFO][2022-03-20 16:44:43,808][controller.email163]
[INFO][2022-03-20 16:44:43,823][controller.email163]
[INFO][2022-03-20 16:44:43,835][controller.email163]
[INFO][2022-03-20 16:44:43,846][controller.email163]
[INFO][2022-03-20 16:44:43,858][controller.email163]
[INFO][2022-03-20 16:44:43,866][controller.email163]发送
[INFO][2022-03-20 16:44:43,873][controller.email163]预 览
[INFO][2022-03-20 16:44:43,881][controller.email163]存草稿
[INFO][2022-03-20 16:44:43,894][controller.email163]取 消
[INFO][2022-03-20 16:44:43,964][controller.email163]取消按钮已点击------------------------------
[INFO][2022-03-20 16:44:43,964][controller.email163]邮件存草稿操作已完成------------------------------
[INFO][2022-03-20 16:44:47,210][controller.email163]发送邮件操作已完成------------------------------
[INFO][2022-03-20 16:45:13,908][controller.email163]删除分组操作已完成
[INFO][2022-03-20 16:45:14,510][controller.email163]删除联系人操作已完成
[INFO][2022-03-20 16:46:12,668][controller.email163]登录操作已完成---------------------
[INFO][2022-03-20 16:46:14,550][controller.email163]草稿箱邮件数：7
[INFO][2022-03-20 16:46:14,990][controller.email163]草稿箱删除操作完成---------------------------
[INFO][2022-03-20 16:46:16,256][controller.email163]
[INFO][2022-03-20 16:46:16,277][controller.email163]
[INFO][2022-03-20 16:46:16,313][controller.email163]
[INFO][2022-03-20 16:46:16,332][controller.email163]
[INFO][2022-03-20 16:46:16,348][controller.email163]
[INFO][2022-03-20 16:46:16,361][controller.email163]
[INFO][2022-03-20 16:46:16,371][controller.email163]
[INFO][2022-03-20 16:46:16,381][controller.email163]
[INFO][2022-03-20 16:46:16,393][controller.email163]
[INFO][2022-03-20 16:46:16,403][controller.email163]
[INFO][2022-03-20 16:46:16,413][controller.email163]
[INFO][2022-03-20 16:46:16,427][controller.email163]发送
[INFO][2022-03-20 16:46:16,439][controller.email163]预 览
[INFO][2022-03-20 16:46:16,452][controller.email163]存草稿
[INFO][2022-03-20 16:46:16,502][controller.email163]存草稿已点击----------------
[INFO][2022-03-20 16:46:17,522][controller.email163]
[INFO][2022-03-20 16:46:17,530][controller.email163]
[INFO][2022-03-20 16:46:17,543][controller.email163]
[INFO][2022-03-20 16:46:17,554][controller.email163]
[INFO][2022-03-20 16:46:17,565][controller.email163]
[INFO][2022-03-20 16:46:17,576][controller.email163]
[INFO][2022-03-20 16:46:17,587][controller.email163]
[INFO][2022-03-20 16:46:17,599][controller.email163]
[INFO][2022-03-20 16:46:17,610][controller.email163]
[INFO][2022-03-20 16:46:17,621][controller.email163]
[INFO][2022-03-20 16:46:17,632][controller.email163]
[INFO][2022-03-20 16:46:17,640][controller.email163]发送
[INFO][2022-03-20 16:46:17,647][controller.email163]预 览
[INFO][2022-03-20 16:46:17,655][controller.email163]存草稿
[INFO][2022-03-20 16:46:17,667][controller.email163]取 消
[INFO][2022-03-20 16:46:17,746][controller.email163]取消按钮已点击------------------------------
[INFO][2022-03-20 16:46:17,747][controller.email163]邮件存草稿操作已完成------------------------------
[INFO][2022-03-20 16:46:18,001][controller.email163]已发送邮件条数：7-----------------
[INFO][2022-03-20 16:46:19,931][controller.email163]发送邮件操作已完成------------------------------
[INFO][2022-03-20 16:46:46,080][controller.email163]删除分组操作已完成
[INFO][2022-03-20 16:46:46,653][controller.email163]删除联系人操作已完成
[INFO][2022-03-20 16:50:56,790][controller.email163]登录操作已完成---------------------
[INFO][2022-03-20 16:50:58,880][controller.email163]草稿箱邮件数：7
[INFO][2022-03-20 16:50:59,381][controller.email163]草稿箱删除操作完成---------------------------
[INFO][2022-03-20 16:51:00,616][controller.email163]
[INFO][2022-03-20 16:51:00,630][controller.email163]
[INFO][2022-03-20 16:51:00,647][controller.email163]
[INFO][2022-03-20 16:51:00,662][controller.email163]
[INFO][2022-03-20 16:51:00,677][controller.email163]
[INFO][2022-03-20 16:51:00,692][controller.email163]
[INFO][2022-03-20 16:51:00,704][controller.email163]
[INFO][2022-03-20 16:51:00,720][controller.email163]
[INFO][2022-03-20 16:51:00,732][controller.email163]
[INFO][2022-03-20 16:51:00,746][controller.email163]
[INFO][2022-03-20 16:51:00,757][controller.email163]
[INFO][2022-03-20 16:51:00,769][controller.email163]发送
[INFO][2022-03-20 16:51:00,781][controller.email163]预 览
[INFO][2022-03-20 16:51:00,799][controller.email163]存草稿
[INFO][2022-03-20 16:51:00,862][controller.email163]存草稿已点击----------------
[INFO][2022-03-20 16:51:01,884][controller.email163]
[INFO][2022-03-20 16:51:01,892][controller.email163]
[INFO][2022-03-20 16:51:01,903][controller.email163]
[INFO][2022-03-20 16:51:01,914][controller.email163]
[INFO][2022-03-20 16:51:01,926][controller.email163]
[INFO][2022-03-20 16:51:01,937][controller.email163]
[INFO][2022-03-20 16:51:01,948][controller.email163]
[INFO][2022-03-20 16:51:01,959][controller.email163]
[INFO][2022-03-20 16:51:01,970][controller.email163]
[INFO][2022-03-20 16:51:01,982][controller.email163]
[INFO][2022-03-20 16:51:01,993][controller.email163]
[INFO][2022-03-20 16:51:02,000][controller.email163]发送
[INFO][2022-03-20 16:51:02,008][controller.email163]预 览
[INFO][2022-03-20 16:51:02,028][controller.email163]存草稿
[INFO][2022-03-20 16:51:02,046][controller.email163]取 消
[INFO][2022-03-20 16:51:02,137][controller.email163]取消按钮已点击------------------------------
[INFO][2022-03-20 16:51:02,137][controller.email163]邮件存草稿操作已完成------------------------------
[INFO][2022-03-20 16:51:02,416][controller.email163]已发送邮件条数：7-----------------
[INFO][2022-03-20 16:51:03,875][controller.email163]发送邮件操作已完成------------------------------
[INFO][2022-03-20 16:52:18,398][controller.email163]登录操作已完成---------------------
[INFO][2022-03-20 16:52:20,637][controller.email163]草稿箱邮件数：7
[INFO][2022-03-20 16:52:21,092][controller.email163]草稿箱删除操作完成---------------------------
[INFO][2022-03-20 16:52:22,263][controller.email163]
[INFO][2022-03-20 16:52:22,275][controller.email163]
[INFO][2022-03-20 16:52:22,287][controller.email163]
[INFO][2022-03-20 16:52:22,304][controller.email163]
[INFO][2022-03-20 16:52:22,314][controller.email163]
[INFO][2022-03-20 16:52:22,324][controller.email163]
[INFO][2022-03-20 16:52:22,335][controller.email163]
[INFO][2022-03-20 16:52:22,346][controller.email163]
[INFO][2022-03-20 16:52:22,357][controller.email163]
[INFO][2022-03-20 16:52:22,368][controller.email163]
[INFO][2022-03-20 16:52:22,378][controller.email163]
[INFO][2022-03-20 16:52:22,390][controller.email163]发送
[INFO][2022-03-20 16:52:22,403][controller.email163]预 览
[INFO][2022-03-20 16:52:22,415][controller.email163]存草稿
[INFO][2022-03-20 16:52:22,473][controller.email163]存草稿已点击----------------
[INFO][2022-03-20 16:52:23,495][controller.email163]
[INFO][2022-03-20 16:52:23,504][controller.email163]
[INFO][2022-03-20 16:52:23,516][controller.email163]
[INFO][2022-03-20 16:52:23,528][controller.email163]
[INFO][2022-03-20 16:52:23,539][controller.email163]
[INFO][2022-03-20 16:52:23,550][controller.email163]
[INFO][2022-03-20 16:52:23,562][controller.email163]
[INFO][2022-03-20 16:52:23,573][controller.email163]
[INFO][2022-03-20 16:52:23,584][controller.email163]
[INFO][2022-03-20 16:52:23,594][controller.email163]
[INFO][2022-03-20 16:52:23,605][controller.email163]
[INFO][2022-03-20 16:52:23,612][controller.email163]发送
[INFO][2022-03-20 16:52:23,620][controller.email163]预 览
[INFO][2022-03-20 16:52:23,627][controller.email163]存草稿
[INFO][2022-03-20 16:52:23,640][controller.email163]取 消
[INFO][2022-03-20 16:52:23,714][controller.email163]取消按钮已点击------------------------------
[INFO][2022-03-20 16:52:23,714][controller.email163]邮件存草稿操作已完成------------------------------
[INFO][2022-03-20 16:52:23,983][controller.email163]已发送邮件条数：7-----------------
[INFO][2022-03-20 16:52:25,662][controller.email163]发送邮件操作已完成------------------------------
[INFO][2022-03-20 16:57:15,288][controller.email163]登录操作已完成---------------------
[INFO][2022-03-20 16:57:17,928][controller.email163]草稿箱邮件数：7
[INFO][2022-03-20 16:57:18,306][controller.email163]草稿箱删除操作完成---------------------------
[INFO][2022-03-20 16:57:19,785][controller.email163]
[INFO][2022-03-20 16:57:19,795][controller.email163]
[INFO][2022-03-20 16:57:19,806][controller.email163]
[INFO][2022-03-20 16:57:19,815][controller.email163]
[INFO][2022-03-20 16:57:19,825][controller.email163]
[INFO][2022-03-20 16:57:19,836][controller.email163]
[INFO][2022-03-20 16:57:19,846][controller.email163]
[INFO][2022-03-20 16:57:19,856][controller.email163]
[INFO][2022-03-20 16:57:19,867][controller.email163]
[INFO][2022-03-20 16:57:19,878][controller.email163]
[INFO][2022-03-20 16:57:19,888][controller.email163]
[INFO][2022-03-20 16:57:19,900][controller.email163]发送
[INFO][2022-03-20 16:57:19,911][controller.email163]预 览
[INFO][2022-03-20 16:57:19,923][controller.email163]存草稿
[INFO][2022-03-20 16:57:19,977][controller.email163]存草稿已点击----------------
[INFO][2022-03-20 16:57:20,999][controller.email163]
[INFO][2022-03-20 16:57:21,008][controller.email163]
[INFO][2022-03-20 16:57:21,020][controller.email163]
[INFO][2022-03-20 16:57:21,031][controller.email163]
[INFO][2022-03-20 16:57:21,042][controller.email163]
[INFO][2022-03-20 16:57:21,053][controller.email163]
[INFO][2022-03-20 16:57:21,065][controller.email163]
[INFO][2022-03-20 16:57:21,076][controller.email163]
[INFO][2022-03-20 16:57:21,089][controller.email163]
[INFO][2022-03-20 16:57:21,208][controller.email163]
[INFO][2022-03-20 16:57:21,368][controller.email163]
[INFO][2022-03-20 16:57:21,379][controller.email163]发送
[INFO][2022-03-20 16:57:21,386][controller.email163]预 览
[INFO][2022-03-20 16:57:21,394][controller.email163]存草稿
[INFO][2022-03-20 16:57:21,408][controller.email163]取 消
[INFO][2022-03-20 16:57:21,512][controller.email163]取消按钮已点击------------------------------
[INFO][2022-03-20 16:57:21,513][controller.email163]邮件存草稿操作已完成------------------------------
[INFO][2022-03-20 16:57:24,970][controller.email163]发送邮件操作已完成------------------------------
[INFO][2022-03-20 16:58:11,728][controller.email163]登录操作已完成---------------------
[INFO][2022-03-20 16:58:13,594][controller.email163]草稿箱邮件数：7
[INFO][2022-03-20 16:58:14,018][controller.email163]草稿箱删除操作完成---------------------------
[INFO][2022-03-20 16:58:15,126][controller.email163]
[INFO][2022-03-20 16:58:15,138][controller.email163]
[INFO][2022-03-20 16:58:15,150][controller.email163]
[INFO][2022-03-20 16:58:15,165][controller.email163]
[INFO][2022-03-20 16:58:15,175][controller.email163]
[INFO][2022-03-20 16:58:15,188][controller.email163]
[INFO][2022-03-20 16:58:15,199][controller.email163]
[INFO][2022-03-20 16:58:15,209][controller.email163]
[INFO][2022-03-20 16:58:15,221][controller.email163]
[INFO][2022-03-20 16:58:15,230][controller.email163]
[INFO][2022-03-20 16:58:15,240][controller.email163]
[INFO][2022-03-20 16:58:15,253][controller.email163]发送
[INFO][2022-03-20 16:58:15,266][controller.email163]预 览
[INFO][2022-03-20 16:58:15,279][controller.email163]存草稿
[INFO][2022-03-20 16:58:15,336][controller.email163]存草稿已点击----------------
[INFO][2022-03-20 16:58:16,357][controller.email163]
[INFO][2022-03-20 16:58:16,365][controller.email163]
[INFO][2022-03-20 16:58:16,378][controller.email163]
[INFO][2022-03-20 16:58:16,388][controller.email163]
[INFO][2022-03-20 16:58:16,399][controller.email163]
[INFO][2022-03-20 16:58:16,410][controller.email163]
[INFO][2022-03-20 16:58:16,421][controller.email163]
[INFO][2022-03-20 16:58:16,433][controller.email163]
[INFO][2022-03-20 16:58:16,444][controller.email163]
[INFO][2022-03-20 16:58:16,456][controller.email163]
[INFO][2022-03-20 16:58:16,467][controller.email163]
[INFO][2022-03-20 16:58:16,474][controller.email163]发送
[INFO][2022-03-20 16:58:16,483][controller.email163]预 览
[INFO][2022-03-20 16:58:16,490][controller.email163]存草稿
[INFO][2022-03-20 16:58:16,502][controller.email163]取 消
[INFO][2022-03-20 16:58:16,574][controller.email163]取消按钮已点击------------------------------
[INFO][2022-03-20 16:58:16,574][controller.email163]邮件存草稿操作已完成------------------------------
[INFO][2022-03-20 16:58:20,315][controller.email163]发送邮件操作已完成------------------------------
[INFO][2022-03-20 17:01:32,247][controller.email163]登录操作已完成---------------------
[INFO][2022-03-20 17:01:34,287][controller.email163]草稿箱邮件数：7
[INFO][2022-03-20 17:01:34,666][controller.email163]草稿箱删除操作完成---------------------------
[INFO][2022-03-20 17:01:35,885][controller.email163]
[INFO][2022-03-20 17:01:35,898][controller.email163]
[INFO][2022-03-20 17:01:35,913][controller.email163]
[INFO][2022-03-20 17:01:35,928][controller.email163]
[INFO][2022-03-20 17:01:35,940][controller.email163]
[INFO][2022-03-20 17:01:35,951][controller.email163]
[INFO][2022-03-20 17:01:35,963][controller.email163]
[INFO][2022-03-20 17:01:35,974][controller.email163]
[INFO][2022-03-20 17:01:35,985][controller.email163]
[INFO][2022-03-20 17:01:35,996][controller.email163]
[INFO][2022-03-20 17:01:36,007][controller.email163]
[INFO][2022-03-20 17:01:36,019][controller.email163]发送
[INFO][2022-03-20 17:01:36,031][controller.email163]预 览
[INFO][2022-03-20 17:01:36,043][controller.email163]存草稿
[INFO][2022-03-20 17:01:36,097][controller.email163]存草稿已点击----------------
[INFO][2022-03-20 17:01:37,118][controller.email163]
[INFO][2022-03-20 17:01:37,126][controller.email163]
[INFO][2022-03-20 17:01:37,138][controller.email163]
[INFO][2022-03-20 17:01:37,149][controller.email163]
[INFO][2022-03-20 17:01:37,160][controller.email163]
[INFO][2022-03-20 17:01:37,172][controller.email163]
[INFO][2022-03-20 17:01:37,183][controller.email163]
[INFO][2022-03-20 17:01:37,194][controller.email163]
[INFO][2022-03-20 17:01:37,205][controller.email163]
[INFO][2022-03-20 17:01:37,217][controller.email163]
[INFO][2022-03-20 17:01:37,228][controller.email163]
[INFO][2022-03-20 17:01:37,235][controller.email163]发送
[INFO][2022-03-20 17:01:37,242][controller.email163]预 览
[INFO][2022-03-20 17:01:37,249][controller.email163]存草稿
[INFO][2022-03-20 17:01:37,262][controller.email163]取 消
[INFO][2022-03-20 17:01:37,377][controller.email163]取消按钮已点击------------------------------
[INFO][2022-03-20 17:01:37,378][controller.email163]邮件存草稿操作已完成------------------------------
[INFO][2022-03-20 17:01:42,212][controller.email163]发送邮件操作已完成------------------------------
[INFO][2022-03-20 17:02:25,525][controller.email163]登录操作已完成---------------------
[INFO][2022-03-20 17:02:27,453][controller.email163]草稿箱邮件数：7
[INFO][2022-03-20 17:02:27,920][controller.email163]草稿箱删除操作完成---------------------------
[INFO][2022-03-20 17:02:29,099][controller.email163]
[INFO][2022-03-20 17:02:29,113][controller.email163]
[INFO][2022-03-20 17:02:29,124][controller.email163]
[INFO][2022-03-20 17:02:29,138][controller.email163]
[INFO][2022-03-20 17:02:29,150][controller.email163]
[INFO][2022-03-20 17:02:29,160][controller.email163]
[INFO][2022-03-20 17:02:29,171][controller.email163]
[INFO][2022-03-20 17:02:29,182][controller.email163]
[INFO][2022-03-20 17:02:29,192][controller.email163]
[INFO][2022-03-20 17:02:29,203][controller.email163]
[INFO][2022-03-20 17:02:29,214][controller.email163]
[INFO][2022-03-20 17:02:29,226][controller.email163]发送
[INFO][2022-03-20 17:02:29,237][controller.email163]预 览
[INFO][2022-03-20 17:02:29,251][controller.email163]存草稿
[INFO][2022-03-20 17:02:29,304][controller.email163]存草稿已点击----------------
[INFO][2022-03-20 17:02:30,325][controller.email163]
[INFO][2022-03-20 17:02:30,333][controller.email163]
[INFO][2022-03-20 17:02:30,346][controller.email163]
[INFO][2022-03-20 17:02:30,358][controller.email163]
[INFO][2022-03-20 17:02:30,369][controller.email163]
[INFO][2022-03-20 17:02:30,380][controller.email163]
[INFO][2022-03-20 17:02:30,391][controller.email163]
[INFO][2022-03-20 17:02:30,402][controller.email163]
[INFO][2022-03-20 17:02:30,413][controller.email163]
[INFO][2022-03-20 17:02:30,424][controller.email163]
[INFO][2022-03-20 17:02:30,435][controller.email163]
[INFO][2022-03-20 17:02:30,443][controller.email163]发送
[INFO][2022-03-20 17:02:30,450][controller.email163]预 览
[INFO][2022-03-20 17:02:30,458][controller.email163]存草稿
[INFO][2022-03-20 17:02:30,483][controller.email163]取 消
[INFO][2022-03-20 17:02:30,571][controller.email163]取消按钮已点击------------------------------
[INFO][2022-03-20 17:02:30,571][controller.email163]邮件存草稿操作已完成------------------------------
[INFO][2022-03-20 17:02:30,824][controller.email163]已发送邮件条数：7-----------------
[INFO][2022-03-20 17:02:32,395][controller.email163]发送邮件操作已完成------------------------------
[INFO][2022-03-20 17:03:11,515][controller.email163]登录操作已完成---------------------
[INFO][2022-03-20 17:03:14,194][controller.email163]草稿箱邮件数：7
[INFO][2022-03-20 17:03:14,702][controller.email163]草稿箱删除操作完成---------------------------
[INFO][2022-03-20 17:03:15,883][controller.email163]
[INFO][2022-03-20 17:03:15,901][controller.email163]
[INFO][2022-03-20 17:03:15,913][controller.email163]
[INFO][2022-03-20 17:03:15,928][controller.email163]
[INFO][2022-03-20 17:03:15,938][controller.email163]
[INFO][2022-03-20 17:03:15,950][controller.email163]
[INFO][2022-03-20 17:03:15,962][controller.email163]
[INFO][2022-03-20 17:03:15,974][controller.email163]
[INFO][2022-03-20 17:03:15,985][controller.email163]
[INFO][2022-03-20 17:03:15,996][controller.email163]
[INFO][2022-03-20 17:03:16,006][controller.email163]
[INFO][2022-03-20 17:03:16,018][controller.email163]发送
[INFO][2022-03-20 17:03:16,031][controller.email163]预 览
[INFO][2022-03-20 17:03:16,043][controller.email163]存草稿
[INFO][2022-03-20 17:03:16,097][controller.email163]存草稿已点击----------------
[INFO][2022-03-20 17:03:17,118][controller.email163]
[INFO][2022-03-20 17:03:17,127][controller.email163]
[INFO][2022-03-20 17:03:17,138][controller.email163]
[INFO][2022-03-20 17:03:17,149][controller.email163]
[INFO][2022-03-20 17:03:17,160][controller.email163]
[INFO][2022-03-20 17:03:17,171][controller.email163]
[INFO][2022-03-20 17:03:17,182][controller.email163]
[INFO][2022-03-20 17:03:17,193][controller.email163]
[INFO][2022-03-20 17:03:17,204][controller.email163]
[INFO][2022-03-20 17:03:17,215][controller.email163]
[INFO][2022-03-20 17:03:17,233][controller.email163]
[INFO][2022-03-20 17:03:17,241][controller.email163]发送
[INFO][2022-03-20 17:03:17,248][controller.email163]预 览
[INFO][2022-03-20 17:03:17,256][controller.email163]存草稿
[INFO][2022-03-20 17:03:17,268][controller.email163]取 消
[INFO][2022-03-20 17:03:17,352][controller.email163]取消按钮已点击------------------------------
[INFO][2022-03-20 17:03:17,352][controller.email163]邮件存草稿操作已完成------------------------------
[INFO][2022-03-20 17:03:18,678][controller.email163]已发送邮件条数：19-----------------
[INFO][2022-03-20 17:03:19,158][controller.email163]已发送邮件删除操作完成------------------------------
[INFO][2022-03-20 17:03:20,224][controller.email163]发送邮件操作已完成------------------------------
[INFO][2022-03-20 17:03:46,884][controller.email163]删除分组操作已完成
[INFO][2022-03-20 17:03:47,466][controller.email163]删除联系人操作已完成
[INFO][2022-03-20 17:05:58,057][controller.email163]登录操作已完成---------------------
[INFO][2022-03-20 19:21:15,195][controller.email163]登录操作已完成---------------------
[INFO][2022-03-20 19:21:26,594][controller.email163]
[INFO][2022-03-20 19:21:26,607][controller.email163]
[INFO][2022-03-20 19:21:26,619][controller.email163]发送
[INFO][2022-03-20 19:21:26,631][controller.email163]预 览
[INFO][2022-03-20 19:21:26,642][controller.email163]存草稿
[INFO][2022-03-20 19:21:26,689][controller.email163]存草稿已点击----------------
[INFO][2022-03-20 19:21:26,707][controller.email163]
[INFO][2022-03-20 19:21:26,716][controller.email163]
[INFO][2022-03-20 19:21:26,723][controller.email163]发送
[INFO][2022-03-20 19:21:26,732][controller.email163]预 览
[INFO][2022-03-20 19:21:26,740][controller.email163]存草稿
[INFO][2022-03-20 19:21:26,754][controller.email163]取 消
[INFO][2022-03-20 19:21:26,832][controller.email163]取消按钮已点击------------------------------
[INFO][2022-03-20 19:21:26,832][controller.email163]邮件存草稿操作已完成------------------------------
[INFO][2022-03-20 20:35:20,293][controller.Liujx_test1]登录操作已完成---------------------
[INFO][2022-03-20 20:56:15,671][controller.email163]登录操作已完成---------------------
[INFO][2022-03-20 20:56:20,134][controller.email163]
[INFO][2022-03-20 20:56:20,148][controller.email163]
[INFO][2022-03-20 20:56:20,167][controller.email163]发送
[INFO][2022-03-20 20:56:20,186][controller.email163]预 览
[INFO][2022-03-20 20:56:20,201][controller.email163]存草稿
[INFO][2022-03-20 20:56:20,302][controller.email163]存草稿已点击----------------
[INFO][2022-03-20 20:56:20,327][controller.email163]
[INFO][2022-03-20 20:56:20,336][controller.email163]
[INFO][2022-03-20 20:56:20,347][controller.email163]发送
[INFO][2022-03-20 20:56:20,355][controller.email163]预 览
[INFO][2022-03-20 20:56:20,364][controller.email163]存草稿
[INFO][2022-03-20 20:56:20,381][controller.email163]取 消
[INFO][2022-03-20 20:56:20,445][controller.email163]取消按钮已点击------------------------------
[INFO][2022-03-20 20:56:20,446][controller.email163]邮件存草稿操作已完成------------------------------
[INFO][2022-03-20 20:57:18,676][controller.email163]登录操作已完成---------------------
[INFO][2022-03-20 20:57:22,051][controller.email163]
[INFO][2022-03-20 20:57:22,063][controller.email163]
[INFO][2022-03-20 20:57:22,075][controller.email163]发送
[INFO][2022-03-20 20:57:22,088][controller.email163]预 览
[INFO][2022-03-20 20:57:22,099][controller.email163]存草稿
[INFO][2022-03-20 20:57:22,145][controller.email163]存草稿已点击----------------
[INFO][2022-03-20 20:57:22,163][controller.email163]
[INFO][2022-03-20 20:57:22,169][controller.email163]
[INFO][2022-03-20 20:57:22,177][controller.email163]发送
[INFO][2022-03-20 20:57:22,184][controller.email163]预 览
[INFO][2022-03-20 20:57:22,195][controller.email163]存草稿
[INFO][2022-03-20 20:57:22,209][controller.email163]取 消
[INFO][2022-03-20 20:57:22,258][controller.email163]取消按钮已点击------------------------------
[INFO][2022-03-20 20:57:22,258][controller.email163]邮件存草稿操作已完成------------------------------
[INFO][2022-03-20 20:58:40,639][controller.email163]删除分组操作已完成
[INFO][2022-03-20 20:58:41,245][controller.email163]删除联系人操作已完成
[INFO][2022-03-20 21:00:38,190][controller.email163]登录操作已完成---------------------
[INFO][2022-03-20 21:00:41,502][controller.email163]
[INFO][2022-03-20 21:00:41,515][controller.email163]
[INFO][2022-03-20 21:00:41,531][controller.email163]发送
[INFO][2022-03-20 21:00:41,546][controller.email163]预 览
[INFO][2022-03-20 21:00:41,561][controller.email163]存草稿
[INFO][2022-03-20 21:00:41,617][controller.email163]存草稿已点击----------------
[INFO][2022-03-20 21:00:41,636][controller.email163]
[INFO][2022-03-20 21:00:41,644][controller.email163]
[INFO][2022-03-20 21:00:41,660][controller.email163]发送
[INFO][2022-03-20 21:00:41,670][controller.email163]预 览
[INFO][2022-03-20 21:00:41,678][controller.email163]存草稿
[INFO][2022-03-20 21:00:41,698][controller.email163]取 消
[INFO][2022-03-20 21:00:41,837][controller.email163]取消按钮已点击------------------------------
[INFO][2022-03-20 21:00:41,837][controller.email163]邮件存草稿操作已完成------------------------------
[INFO][2022-03-20 21:00:43,287][controller.email163]已发送邮件条数：19-----------------
[INFO][2022-03-20 21:00:43,759][controller.email163]已发送邮件删除操作完成------------------------------
[INFO][2022-03-20 21:00:44,771][controller.email163]发送邮件操作已完成------------------------------
[INFO][2022-03-20 21:00:49,777][controller.email163]删除分组操作已完成
[INFO][2022-03-20 21:00:50,383][controller.email163]删除联系人操作已完成
[INFO][2022-03-20 21:40:35,935][controller.email163]登录操作已完成---------------------
[INFO][2022-03-20 21:40:47,307][controller.email163]
[INFO][2022-03-20 21:40:47,325][controller.email163]
[INFO][2022-03-20 21:40:47,340][controller.email163]发送
[INFO][2022-03-20 21:40:47,352][controller.email163]预 览
[INFO][2022-03-20 21:40:47,364][controller.email163]存草稿
[INFO][2022-03-20 21:40:47,412][controller.email163]存草稿已点击----------------
[INFO][2022-03-20 21:40:47,431][controller.email163]
[INFO][2022-03-20 21:40:47,438][controller.email163]
[INFO][2022-03-20 21:40:47,448][controller.email163]发送
[INFO][2022-03-20 21:40:47,456][controller.email163]预 览
[INFO][2022-03-20 21:40:47,465][controller.email163]存草稿
[INFO][2022-03-20 21:40:47,479][controller.email163]取 消
[INFO][2022-03-20 21:40:47,526][controller.email163]取消按钮已点击------------------------------
[INFO][2022-03-20 21:40:47,527][controller.email163]邮件存草稿操作已完成------------------------------
[INFO][2022-03-20 21:42:33,559][controller.email163]删除分组操作已完成
[INFO][2022-03-20 21:42:34,136][controller.email163]删除联系人操作已完成
[INFO][2022-03-23 20:06:30,994][controller.crawlerJD]JD手机页面打开成功---------------------
[INFO][2022-03-23 20:06:31,405][controller.crawlerJD]手机个数：30
[INFO][2022-03-23 20:08:49,171][controller.crawlerJD]JD手机页面打开成功---------------------
[INFO][2022-03-23 20:08:49,221][controller.crawlerJD]手机个数：30
[INFO][2022-03-23 20:08:49,237][controller.crawlerJD]手机图片个数：35
[INFO][2022-03-23 20:10:46,863][controller.crawlerJD]JD手机页面打开成功---------------------
[INFO][2022-03-23 20:10:56,927][controller.crawlerJD]手机个数：30
[INFO][2022-03-23 20:10:56,959][controller.crawlerJD]手机图片个数：35
[INFO][2022-03-23 20:33:30,332][controller.crawlerJD]JD手机页面打开成功---------------------
[INFO][2022-03-23 20:33:40,386][controller.crawlerJD]手机个数：30
[INFO][2022-03-23 20:33:40,414][controller.crawlerJD]手机图片个数：35
[INFO][2022-03-23 20:45:03,090][controller.crawlerJD]JD手机页面打开成功---------------------
[INFO][2022-03-23 20:45:13,136][controller.crawlerJD]手机个数：30
[INFO][2022-03-23 20:45:13,152][controller.crawlerJD]手机图片个数：35
[INFO][2022-03-23 21:10:36,954][controller.crawlerJD]JD手机页面打开成功---------------------
[INFO][2022-03-23 21:10:46,993][controller.crawlerJD]手机个数：30
[INFO][2022-03-23 21:10:47,009][controller.crawlerJD]手机图片个数：35
[INFO][2022-03-23 21:19:11,386][controller.crawlerJD]JD手机页面打开成功---------------------
[INFO][2022-03-23 21:19:21,428][controller.crawlerJD]手机个数：30
[INFO][2022-03-23 21:19:21,460][controller.crawlerJD]手机图片个数：35
[INFO][2022-03-23 21:21:39,948][controller.crawlerJD]JD手机页面打开成功---------------------
[INFO][2022-03-23 21:21:49,995][controller.crawlerJD]手机个数：30
[INFO][2022-03-23 21:21:50,011][controller.crawlerJD]手机图片个数：35
[INFO][2022-03-23 21:23:31,909][controller.crawlerJD]JD手机页面打开成功---------------------
[INFO][2022-03-23 21:23:41,953][controller.crawlerJD]手机个数：30
[INFO][2022-03-23 21:23:41,968][controller.crawlerJD]手机图片个数：35
[INFO][2022-03-23 21:25:54,674][controller.crawlerJD]JD手机页面打开成功---------------------
[INFO][2022-03-23 21:26:04,708][controller.crawlerJD]手机个数：30
[INFO][2022-03-23 21:26:04,740][controller.crawlerJD]手机图片个数：35
[INFO][2022-03-23 21:27:26,704][controller.crawlerJD]JD手机页面打开成功---------------------
[INFO][2022-03-23 21:27:36,757][controller.crawlerJD]手机个数：30
[INFO][2022-03-23 21:27:36,772][controller.crawlerJD]手机图片个数：35
[INFO][2022-03-23 21:31:11,419][controller.crawlerJD]JD手机页面打开成功---------------------
[INFO][2022-03-23 21:31:21,467][controller.crawlerJD]手机个数：30
[INFO][2022-03-23 21:31:21,482][controller.crawlerJD]手机图片个数：35
[INFO][2022-03-23 21:39:48,472][controller.crawlerJD]JD手机页面打开成功---------------------
[INFO][2022-03-23 21:42:28,468][controller.crawlerJD]JD手机页面打开成功---------------------
[INFO][2022-03-23 21:42:38,540][controller.crawlerJD]手机个数：60
[INFO][2022-03-23 21:42:38,571][controller.crawlerJD]手机图片个数：65
[INFO][2022-03-23 21:49:13,105][controller.crawlerJD]JD手机页面打开成功---------------------
[INFO][2022-03-23 21:49:23,164][controller.crawlerJD]手机个数：60
[INFO][2022-03-23 21:49:23,187][controller.crawlerJD]手机图片个数：65
[INFO][2022-03-23 21:52:00,369][controller.crawlerJD]JD手机页面打开成功---------------------
[INFO][2022-03-23 21:52:40,426][controller.crawlerJD]手机个数：0
[INFO][2022-03-23 21:52:40,457][controller.crawlerJD]手机图片个数：80
[INFO][2022-03-23 21:56:58,075][controller.crawlerJD]JD手机页面打开成功---------------------
[INFO][2022-03-23 21:57:08,161][controller.crawlerJD]手机个数：60
[INFO][2022-03-23 21:57:08,193][controller.crawlerJD]手机图片个数：80
[INFO][2022-03-23 21:58:43,729][controller.crawlerJD]JD手机页面打开成功---------------------
[INFO][2022-03-23 21:58:53,814][controller.crawlerJD]手机个数：60
[INFO][2022-03-23 21:58:53,845][controller.crawlerJD]手机图片个数：80
[INFO][2022-03-23 22:00:15,350][controller.crawlerJD]JD手机页面打开成功---------------------
[INFO][2022-03-23 22:00:25,433][controller.crawlerJD]手机个数：60
[INFO][2022-03-23 22:00:25,464][controller.crawlerJD]手机图片个数：80
[INFO][2022-03-24 19:29:22,908][controller.crawlerJD]JD手机页面打开成功---------------------
[INFO][2022-03-24 19:29:33,399][controller.crawlerJD]手机个数：60
[INFO][2022-03-24 19:29:33,431][controller.crawlerJD]手机图片个数：80
[INFO][2022-03-24 19:38:10,188][controller.crawlerJD]JD手机页面打开成功---------------------
[INFO][2022-03-24 19:38:20,518][controller.crawlerJD]手机个数：60
[INFO][2022-03-24 19:38:20,596][controller.crawlerJD]手机图片个数：396
[INFO][2022-03-26 11:12:51,053][controller.email163]登录操作已完成---------------------
[INFO][2022-03-26 11:12:52,443][controller.email163]草稿箱邮件数：14
[INFO][2022-03-26 11:12:52,906][controller.email163]草稿箱删除操作完成---------------------------
[INFO][2022-03-26 11:12:54,335][controller.email163]
[INFO][2022-03-26 11:12:54,347][controller.email163]
[INFO][2022-03-26 11:12:54,360][controller.email163]
[INFO][2022-03-26 11:12:54,376][controller.email163]
[INFO][2022-03-26 11:12:54,389][controller.email163]
[INFO][2022-03-26 11:12:54,403][controller.email163]
[INFO][2022-03-26 11:12:54,419][controller.email163]
[INFO][2022-03-26 11:12:54,430][controller.email163]
[INFO][2022-03-26 11:12:54,441][controller.email163]
[INFO][2022-03-26 11:12:54,458][controller.email163]
[INFO][2022-03-26 11:12:54,472][controller.email163]
[INFO][2022-03-26 11:12:54,489][controller.email163]发送
[INFO][2022-03-26 11:12:54,509][controller.email163]预 览
[INFO][2022-03-26 11:12:54,527][controller.email163]存草稿
[INFO][2022-03-26 11:12:54,579][controller.email163]存草稿已点击----------------
[INFO][2022-03-26 11:12:54,600][controller.email163]
[INFO][2022-03-26 11:12:54,609][controller.email163]
[INFO][2022-03-26 11:12:54,615][controller.email163]
[INFO][2022-03-26 11:12:54,622][controller.email163]
[INFO][2022-03-26 11:12:54,629][controller.email163]
[INFO][2022-03-26 11:12:54,636][controller.email163]
[INFO][2022-03-26 11:12:54,643][controller.email163]
[INFO][2022-03-26 11:12:54,651][controller.email163]
[INFO][2022-03-26 11:12:54,658][controller.email163]
[INFO][2022-03-26 11:12:54,663][controller.email163]
[INFO][2022-03-26 11:12:54,671][controller.email163]
[INFO][2022-03-26 11:12:54,678][controller.email163]发送
[INFO][2022-03-26 11:12:54,686][controller.email163]预 览
[INFO][2022-03-26 11:12:54,693][controller.email163]存草稿
[INFO][2022-03-26 11:12:54,706][controller.email163]取 消
[INFO][2022-03-26 11:12:54,774][controller.email163]取消按钮已点击------------------------------
[INFO][2022-03-26 11:12:54,775][controller.email163]邮件存草稿操作已完成------------------------------
[INFO][2022-03-26 11:12:56,280][controller.email163]已发送邮件条数：19-----------------
[INFO][2022-03-26 11:12:56,743][controller.email163]已发送邮件删除操作完成------------------------------
[INFO][2022-03-26 11:12:57,889][controller.email163]发送邮件操作已完成------------------------------
[INFO][2022-03-26 11:13:53,259][controller.email163]删除分组操作已完成
[INFO][2022-03-26 11:13:53,836][controller.email163]删除联系人操作已完成
[INFO][2022-03-26 11:22:45,132][controller.email163]登录操作已完成---------------------
[INFO][2022-03-26 11:22:46,469][controller.email163]草稿箱邮件数：14
[INFO][2022-03-26 11:22:46,948][controller.email163]草稿箱删除操作完成---------------------------
[INFO][2022-03-26 11:24:51,626][controller.email163]登录操作已完成---------------------
[INFO][2022-03-26 11:24:56,316][controller.email163]邮件存草稿操作已完成------------------------------
[INFO][2022-03-26 11:24:57,427][controller.email163]已发送邮件条数：19-----------------
[INFO][2022-03-26 11:24:57,870][controller.email163]已发送邮件删除操作完成------------------------------
[INFO][2022-03-26 11:24:58,888][controller.email163]发送邮件操作已完成------------------------------
[INFO][2022-03-26 11:25:26,018][controller.email163]删除分组操作已完成
[INFO][2022-03-26 11:25:26,591][controller.email163]删除联系人操作已完成
[INFO][2022-03-26 11:28:21,120][controller.email163]登录操作已完成---------------------
[INFO][2022-03-26 11:28:23,208][controller.email163]草稿箱邮件数：15
[INFO][2022-03-26 11:28:23,646][controller.email163]草稿箱删除操作完成---------------------------
[INFO][2022-03-26 11:31:03,213][controller.email163]登录操作已完成---------------------
[INFO][2022-03-26 11:31:05,610][controller.email163]草稿箱邮件数：15
[INFO][2022-03-26 11:31:06,030][controller.email163]草稿箱删除操作完成---------------------------
[INFO][2022-03-26 11:31:16,699][controller.email163]已发送邮件条数：19-----------------
[INFO][2022-03-26 11:31:17,190][controller.email163]已发送邮件删除操作完成------------------------------
[INFO][2022-03-26 11:31:18,139][controller.email163]发送邮件操作已完成------------------------------
[INFO][2022-03-26 11:31:45,488][controller.email163]删除分组操作已完成
[INFO][2022-03-26 11:31:46,066][controller.email163]删除联系人操作已完成
[INFO][2022-03-26 12:12:48,903][controller.email163]登录操作已完成---------------------
[INFO][2022-03-26 12:12:59,201][controller.email163]草稿箱邮件数：15
[INFO][2022-03-26 12:12:59,588][controller.email163]草稿箱删除操作完成---------------------------
[INFO][2022-03-26 12:15:02,673][controller.email163]登录操作已完成---------------------
[INFO][2022-03-26 12:15:03,870][controller.email163]草稿箱邮件数：15
[INFO][2022-03-26 12:15:04,243][controller.email163]草稿箱删除操作完成---------------------------
[INFO][2022-03-26 12:15:46,130][controller.email163]邮件存草稿操作已完成------------------------------
[INFO][2022-03-26 12:15:46,702][controller.email163]已发送邮件条数：30-----------------
[INFO][2022-03-26 12:18:57,384][controller.email163]登录操作已完成---------------------
[INFO][2022-03-26 12:18:58,718][controller.email163]草稿箱邮件数：15
[INFO][2022-03-26 12:18:59,170][controller.email163]草稿箱删除操作完成---------------------------
[INFO][2022-03-26 12:19:40,918][controller.email163]邮件存草稿操作已完成------------------------------
[INFO][2022-03-26 12:19:41,450][controller.email163]已发送邮件条数：30-----------------
[INFO][2022-03-26 12:27:50,819][controller.email163]登录操作已完成---------------------
[INFO][2022-03-26 12:28:01,072][controller.email163]草稿箱邮件数：14
[INFO][2022-03-26 12:28:01,442][controller.email163]草稿箱删除操作完成---------------------------
[INFO][2022-03-26 12:28:43,380][controller.email163]邮件存草稿操作已完成------------------------------
[INFO][2022-03-26 12:28:43,689][controller.email163]已发送邮件条数：29-----------------
[INFO][2022-03-26 12:28:44,693][controller.email163]发送邮件操作已完成------------------------------
[INFO][2022-03-26 12:29:11,542][controller.email163]删除分组操作已完成
[INFO][2022-03-26 12:29:12,149][controller.email163]删除联系人操作已完成
[INFO][2022-03-26 12:42:43,597][controller.email163]登录操作已完成---------------------
[INFO][2022-03-26 12:42:53,854][controller.email163]草稿箱邮件数：14
[INFO][2022-03-26 12:42:54,249][controller.email163]草稿箱删除操作完成---------------------------
[INFO][2022-03-26 12:42:55,639][controller.email163]已发送邮件条数：14-----------------
[INFO][2022-03-26 12:45:01,365][controller.email163]登录操作已完成---------------------
[INFO][2022-03-26 12:45:03,961][controller.email163]草稿箱邮件数：14
[INFO][2022-03-26 12:45:04,364][controller.email163]草稿箱删除操作完成---------------------------
[INFO][2022-03-26 12:45:05,711][controller.email163]邮件存草稿操作已完成------------------------------
[INFO][2022-03-26 12:45:06,938][controller.email163]已发送邮件条数：19-----------------
[INFO][2022-03-26 12:45:07,321][controller.email163]已发送邮件删除操作完成------------------------------
[INFO][2022-03-26 12:45:08,188][controller.email163]发送邮件操作已完成------------------------------
[INFO][2022-03-26 12:45:35,132][controller.email163]删除分组操作已完成
[INFO][2022-03-26 12:45:35,708][controller.email163]删除联系人操作已完成
[INFO][2022-03-26 12:46:40,930][controller.email163]登录操作已完成---------------------
[INFO][2022-03-26 12:46:43,316][controller.email163]草稿箱邮件数：14
[INFO][2022-03-26 12:46:43,699][controller.email163]草稿箱删除操作完成---------------------------
[INFO][2022-03-26 12:46:45,318][controller.email163]邮件存草稿操作已完成------------------------------
[INFO][2022-03-26 12:46:46,568][controller.email163]已发送邮件条数：19-----------------
[INFO][2022-03-26 12:46:46,942][controller.email163]已发送邮件删除操作完成------------------------------
[INFO][2022-03-26 12:46:47,763][controller.email163]发送邮件操作已完成------------------------------
[INFO][2022-03-26 12:47:42,933][controller.email163]删除分组操作已完成
[INFO][2022-03-26 12:47:43,526][controller.email163]删除联系人操作已完成
