[INFO][2022-03-28 21:47:42,051][controller.email163]登录操作已完成---------------------
[INFO][2022-03-28 21:47:43,631][controller.email163]草稿箱邮件数：10
[INFO][2022-03-28 21:47:44,098][controller.email163]草稿箱删除操作完成---------------------------
[INFO][2022-03-28 21:47:45,668][controller.email163]邮件存草稿操作已完成------------------------------
[INFO][2022-03-28 21:47:47,780][controller.email163]已发送邮件条数：19-----------------
[INFO][2022-03-28 21:47:48,131][controller.email163]已发送邮件删除操作完成------------------------------
[INFO][2022-03-28 21:47:49,269][controller.email163]发送邮件操作已完成------------------------------
[INFO][2022-03-28 21:48:17,451][controller.email163]删除联系人操作已完成
[INFO][2022-03-28 21:48:17,992][controller.email163]删除分组操作已完成
[INFO][2022-03-28 21:48:22,597][controller.email163]登录操作已完成---------------------
[INFO][2022-03-28 21:53:06,549][controller.email163]登录操作已完成---------------------
[INFO][2022-03-28 21:53:08,958][controller.email163]草稿箱邮件数：10
[INFO][2022-03-28 21:53:09,293][controller.email163]草稿箱删除操作完成---------------------------
[INFO][2022-03-28 21:53:10,327][controller.email163]邮件存草稿操作已完成------------------------------
[INFO][2022-03-28 21:55:12,389][controller.email163]登录操作已完成---------------------
[INFO][2022-03-28 21:55:15,279][controller.email163]草稿箱邮件数：10
[INFO][2022-03-28 21:55:15,762][controller.email163]草稿箱删除操作完成---------------------------
[INFO][2022-03-28 21:55:17,843][controller.email163]邮件存草稿操作已完成------------------------------
[INFO][2022-03-28 21:55:19,306][controller.email163]已发送邮件条数：19-----------------
[INFO][2022-03-28 21:55:19,658][controller.email163]已发送邮件删除操作完成------------------------------
[INFO][2022-03-28 21:55:20,669][controller.email163]发送邮件操作已完成------------------------------
[INFO][2022-03-28 21:55:47,730][controller.email163]删除联系人操作已完成
[INFO][2022-03-28 21:55:48,272][controller.email163]删除分组操作已完成
[INFO][2022-03-28 21:55:51,894][controller.email163]登录操作已完成---------------------
